Log file open, 01/19/18 06:32:13
LogWindows: Failed to load 'aqProf.dll' (GetLastError=126)
LogWindows: File 'aqProf.dll' does not exist
LogWindows: Failed to load 'VSPerf140.dll' (GetLastError=126)
LogWindows: File 'VSPerf140.dll' does not exist
LogWindows: Failed to load 'VtuneApi.dll' (GetLastError=126)
LogWindows: File 'VtuneApi.dll' does not exist
LogWindows: Failed to load 'VtuneApi32e.dll' (GetLastError=126)
LogWindows: File 'VtuneApi32e.dll' does not exist
LogInit: Display: Running engine for game: Stocks
LogPlatformFile: Not using cached read wrapper
LogInit: Display: RandInit(1760071842) SRandInit(1760071842).
LogInit: Read version file with build ID '3709383'
LogInit: Overriding engine version to CL 3832480, compatible CL 3709383
LogInit: Registered custom module enumerator with build ID '3709383'
LogTaskGraph: Started task graph with 5 named threads and 14 total threads with 3 sets of task threads.
LogStats: Stats thread started at 0.566206
LogD3D11RHI: Aftermath initialized
LogModuleManager: Display: Found up-to-date module file ../../../Engine/Plugins/2D/Paper2D/Binaries/Win64/UE4Editor-Paper2D.dll (API version 3709383).
LogModuleManager: Display: Found up-to-date module file ../../../Engine/Plugins/2D/Paper2D/Binaries/Win64/UE4Editor-Paper2DEditor.dll (API version 3709383).
LogModuleManager: Display: Found up-to-date module file ../../../Engine/Plugins/2D/Paper2D/Binaries/Win64/UE4Editor-PaperSpriteSheetImporter.dll (API version 3709383).
LogModuleManager: Display: Found up-to-date module file ../../../Engine/Plugins/2D/Paper2D/Binaries/Win64/UE4Editor-PaperTiledImporter.dll (API version 3709383).
LogModuleManager: Display: Found up-to-date module file ../../../Engine/Plugins/2D/Paper2D/Binaries/Win64/UE4Editor-SmartSnapping.dll (API version 3709383).
LogModuleManager: Display: Found up-to-date module file ../../../Engine/Plugins/Blendables/LightPropagationVolume/Binaries/Win64/UE4Editor-LightPropagationVolumeRuntime.dll (API version 3709383).
LogModuleManager: Display: Found up-to-date module file ../../../Engine/Plugins/Blendables/LightPropagationVolume/Binaries/Win64/UE4Editor-LightPropagationVolumeEditor.dll (API version 3709383).
LogModuleManager: Display: Found up-to-date module file ../../../Engine/Plugins/Developer/GitSourceControl/Binaries/Win64/UE4Editor-GitSourceControl.dll (API version 3709383).
LogModuleManager: Display: Found up-to-date module file ../../../Engine/Plugins/Developer/PerforceSourceControl/Binaries/Win64/UE4Editor-PerforceSourceControl.dll (API version 3709383).
LogModuleManager: Display: Found up-to-date module file ../../../Engine/Plugins/Developer/SubversionSourceControl/Binaries/Win64/UE4Editor-SubversionSourceControl.dll (API version 3709383).
LogModuleManager: Display: Found up-to-date module file ../../../Engine/Plugins/Developer/UObjectPlugin/Binaries/Win64/UE4Editor-UObjectPlugin.dll (API version 3709383).
LogModuleManager: Display: Found up-to-date module file ../../../Engine/Plugins/Developer/VisualStudioCodeSourceCodeAccess/Binaries/Win64/UE4Editor-VisualStudioCodeSourceCodeAccess.dll (API version 3709383).
LogModuleManager: Display: Found up-to-date module file ../../../Engine/Plugins/Developer/VisualStudioSourceCodeAccess/Binaries/Win64/UE4Editor-VisualStudioSourceCodeAccess.dll (API version 3709383).
LogModuleManager: Display: Found up-to-date module file ../../../Engine/Plugins/Editor/AssetManagerEditor/Binaries/Win64/UE4Editor-AssetManagerEditor.dll (API version 3709383).
LogModuleManager: Display: Found up-to-date module file ../../../Engine/Plugins/Editor/AudioCapture/Binaries/Win64/UE4Editor-AudioCapture.dll (API version 3709383).
LogModuleManager: Display: Found up-to-date module file ../../../Engine/Plugins/Editor/FacialAnimation/Binaries/Win64/UE4Editor-FacialAnimation.dll (API version 3709383).
LogModuleManager: Display: Found up-to-date module file ../../../Engine/Plugins/Editor/FacialAnimation/Binaries/Win64/UE4Editor-FacialAnimationEditor.dll (API version 3709383).
LogModuleManager: Display: Found up-to-date module file ../../../Engine/Plugins/Editor/GameplayTagsEditor/Binaries/Win64/UE4Editor-GameplayTagsEditor.dll (API version 3709383).
LogModuleManager: Display: Found up-to-date module file ../../../Engine/Plugins/Editor/MobileLauncherProfileWizard/Binaries/Win64/UE4Editor-MobileLauncherProfileWizard.dll (API version 3709383).
LogModuleManager: Display: Found up-to-date module file ../../../Engine/Plugins/Editor/PluginBrowser/Binaries/Win64/UE4Editor-PluginBrowser.dll (API version 3709383).
LogModuleManager: Display: Found up-to-date module file ../../../Engine/Plugins/Editor/SpeedTreeImporter/Binaries/Win64/UE4Editor-SpeedTreeImporter.dll (API version 3709383).
LogModuleManager: Display: Found up-to-date module file ../../../Engine/Plugins/Experimental/AlembicImporter/Binaries/Win64/UE4Editor-AlembicImporter.dll (API version 3709383).
LogModuleManager: Display: Found up-to-date module file ../../../Engine/Plugins/Experimental/AlembicImporter/Binaries/Win64/UE4Editor-AlembicLibrary.dll (API version 3709383).
LogModuleManager: Display: Found up-to-date module file ../../../Engine/Plugins/Experimental/CharacterAI/Binaries/Win64/UE4Editor-CharacterAI.dll (API version 3709383).
LogModuleManager: Display: Found up-to-date module file ../../../Engine/Plugins/Experimental/HTML5Networking/Binaries/Win64/UE4Editor-HTML5Networking.dll (API version 3709383).
LogModuleManager: Display: Found up-to-date module file ../../../Engine/Plugins/Media/AndroidMedia/Binaries/Win64/UE4Editor-AndroidMediaEditor.dll (API version 3709383).
LogModuleManager: Display: Found up-to-date module file ../../../Engine/Plugins/Media/AndroidMedia/Binaries/Win64/UE4Editor-AndroidMediaFactory.dll (API version 3709383).
LogModuleManager: Display: Found up-to-date module file ../../../Engine/Plugins/Media/AvfMedia/Binaries/Win64/UE4Editor-AvfMediaEditor.dll (API version 3709383).
LogModuleManager: Display: Found up-to-date module file ../../../Engine/Plugins/Media/AvfMedia/Binaries/Win64/UE4Editor-AvfMediaFactory.dll (API version 3709383).
LogModuleManager: Display: Found up-to-date module file ../../../Engine/Plugins/Media/AvfMedia/Binaries/Win64/UE4Editor-AvfMediaFactory.dll (API version 3709383).
LogModuleManager: Display: Found up-to-date module file ../../../Engine/Plugins/Media/ImgMedia/Binaries/Win64/UE4Editor-ImgMedia.dll (API version 3709383).
LogModuleManager: Display: Found up-to-date module file ../../../Engine/Plugins/Media/ImgMedia/Binaries/Win64/UE4Editor-ImgMediaEditor.dll (API version 3709383).
LogModuleManager: Display: Found up-to-date module file ../../../Engine/Plugins/Media/ImgMedia/Binaries/Win64/UE4Editor-ImgMediaFactory.dll (API version 3709383).
LogModuleManager: Display: Found up-to-date module file ../../../Engine/Plugins/Media/ImgMedia/Binaries/Win64/UE4Editor-ImgMediaFactory.dll (API version 3709383).
LogModuleManager: Display: Found up-to-date module file ../../../Engine/Plugins/Media/ImgMedia/Binaries/Win64/UE4Editor-OpenExrWrapper.dll (API version 3709383).
LogModuleManager: Display: Found up-to-date module file ../../../Engine/Plugins/Media/MediaCompositing/Binaries/Win64/UE4Editor-MediaCompositing.dll (API version 3709383).
LogModuleManager: Display: Found up-to-date module file ../../../Engine/Plugins/Media/MediaCompositing/Binaries/Win64/UE4Editor-MediaCompositingEditor.dll (API version 3709383).
LogModuleManager: Display: Found up-to-date module file ../../../Engine/Plugins/Media/MediaPlayerEditor/Binaries/Win64/UE4Editor-MediaPlayerEditor.dll (API version 3709383).
LogModuleManager: Display: Found up-to-date module file ../../../Engine/Plugins/Media/WmfMedia/Binaries/Win64/UE4Editor-WmfMedia.dll (API version 3709383).
LogModuleManager: Display: Found up-to-date module file ../../../Engine/Plugins/Media/WmfMedia/Binaries/Win64/UE4Editor-WmfMediaEditor.dll (API version 3709383).
LogModuleManager: Display: Found up-to-date module file ../../../Engine/Plugins/Media/WmfMedia/Binaries/Win64/UE4Editor-WmfMediaFactory.dll (API version 3709383).
LogModuleManager: Display: Found up-to-date module file ../../../Engine/Plugins/Media/WmfMedia/Binaries/Win64/UE4Editor-WmfMediaFactory.dll (API version 3709383).
LogModuleManager: Display: Found up-to-date module file ../../../Engine/Plugins/Messaging/TcpMessaging/Binaries/Win64/UE4Editor-TcpMessaging.dll (API version 3709383).
LogModuleManager: Display: Found up-to-date module file ../../../Engine/Plugins/Messaging/UdpMessaging/Binaries/Win64/UE4Editor-UdpMessaging.dll (API version 3709383).
LogModuleManager: Display: Found up-to-date module file ../../../Engine/Plugins/MovieScene/ActorSequence/Binaries/Win64/UE4Editor-ActorSequence.dll (API version 3709383).
LogModuleManager: Display: Found up-to-date module file ../../../Engine/Plugins/MovieScene/LevelSequenceEditor/Binaries/Win64/UE4Editor-LevelSequenceEditor.dll (API version 3709383).
LogModuleManager: Display: Found up-to-date module file ../../../Engine/Plugins/MovieScene/MatineeToLevelSequence/Binaries/Win64/UE4Editor-MatineeToLevelSequence.dll (API version 3709383).
LogModuleManager: Display: Found up-to-date module file ../../../Engine/Plugins/Online/OnlineSubsystem/Binaries/Win64/UE4Editor-OnlineSubsystem.dll (API version 3709383).
LogModuleManager: Display: Found up-to-date module file ../../../Engine/Plugins/Runtime/AndroidPermission/Binaries/Win64/UE4Editor-AndroidPermission.dll (API version 3709383).
LogModuleManager: Display: Found up-to-date module file ../../../Engine/Plugins/Online/OnlineSubsystemNull/Binaries/Win64/UE4Editor-OnlineSubsystemNull.dll (API version 3709383).
LogModuleManager: Display: Found up-to-date module file ../../../Engine/Plugins/Online/OnlineSubsystemUtils/Binaries/Win64/UE4Editor-OnlineSubsystemUtils.dll (API version 3709383).
LogModuleManager: Display: Found up-to-date module file ../../../Engine/Plugins/Online/OnlineSubsystemUtils/Binaries/Win64/UE4Editor-OnlineBlueprintSupport.dll (API version 3709383).
LogModuleManager: Display: Found up-to-date module file ../../../Engine/Plugins/Runtime/AndroidDeviceProfileSelector/Binaries/Win64/UE4Editor-AndroidDeviceProfileSelector.dll (API version 3709383).
LogModuleManager: Display: Found up-to-date module file ../../../Engine/Plugins/Runtime/AppleARKit/Binaries/Win64/UE4Editor-AppleARKit.dll (API version 3709383).
LogModuleManager: Display: Found up-to-date module file ../../../Engine/Plugins/Runtime/ArchVisCharacter/Binaries/Win64/UE4Editor-ArchVisCharacter.dll (API version 3709383).
LogModuleManager: Display: Found up-to-date module file ../../../Engine/Plugins/Runtime/CableComponent/Binaries/Win64/UE4Editor-CableComponent.dll (API version 3709383).
LogModuleManager: Display: Found up-to-date module file ../../../Engine/Plugins/Runtime/CustomMeshComponent/Binaries/Win64/UE4Editor-CustomMeshComponent.dll (API version 3709383).
LogModuleManager: Display: Found up-to-date module file ../../../Engine/Plugins/Runtime/ExampleDeviceProfileSelector/Binaries/Win64/UE4Editor-ExampleDeviceProfileSelector.dll (API version 3709383).
LogModuleManager: Display: Found up-to-date module file ../../../Engine/Plugins/Runtime/ImmediatePhysics/Binaries/Win64/UE4Editor-ImmediatePhysics.dll (API version 3709383).
LogModuleManager: Display: Found up-to-date module file ../../../Engine/Plugins/Runtime/ImmediatePhysics/Binaries/Win64/UE4Editor-ImmediatePhysicsEditor.dll (API version 3709383).
LogModuleManager: Display: Found up-to-date module file ../../../Engine/Plugins/Runtime/LocationServicesBPLibrary/Binaries/Win64/UE4Editor-LocationServicesBPLibrary.dll (API version 3709383).
LogModuleManager: Display: Found up-to-date module file ../../../Engine/Plugins/Runtime/MobilePatchingUtils/Binaries/Win64/UE4Editor-MobilePatchingUtils.dll (API version 3709383).
LogModuleManager: Display: Found up-to-date module file ../../../Engine/Plugins/Runtime/Oculus/OculusVR/Binaries/Win64/UE4Editor-OculusHMD.dll (API version 3709383).
LogModuleManager: Display: Found up-to-date module file ../../../Engine/Plugins/Runtime/Oculus/OculusVR/Binaries/Win64/UE4Editor-OculusInput.dll (API version 3709383).
LogModuleManager: Display: Found up-to-date module file ../../../Engine/Plugins/Runtime/Oculus/OculusVR/Binaries/Win64/UE4Editor-OculusEditor.dll (API version 3709383).
LogModuleManager: Display: Found up-to-date module file ../../../Engine/Plugins/Runtime/PhysXVehicles/Binaries/Win64/UE4Editor-PhysXVehicles.dll (API version 3709383).
LogModuleManager: Display: Found up-to-date module file ../../../Engine/Plugins/Runtime/PhysXVehicles/Binaries/Win64/UE4Editor-PhysXVehiclesEditor.dll (API version 3709383).
LogModuleManager: Display: Found up-to-date module file ../../../Engine/Plugins/Runtime/ProceduralMeshComponent/Binaries/Win64/UE4Editor-ProceduralMeshComponent.dll (API version 3709383).
LogModuleManager: Display: Found up-to-date module file ../../../Engine/Plugins/Runtime/ProceduralMeshComponent/Binaries/Win64/UE4Editor-ProceduralMeshComponentEditor.dll (API version 3709383).
LogModuleManager: Display: Found up-to-date module file ../../../Engine/Plugins/Runtime/RuntimePhysXCooking/Binaries/Win64/UE4Editor-RuntimePhysXCooking.dll (API version 3709383).
LogModuleManager: Display: Found up-to-date module file ../../../Engine/Plugins/Runtime/Steam/SteamVR/Binaries/Win64/UE4Editor-SteamVR.dll (API version 3709383).
LogModuleManager: Display: Found up-to-date module file ../../../Engine/Plugins/Runtime/Steam/SteamVR/Binaries/Win64/UE4Editor-SteamVRController.dll (API version 3709383).
LogModuleManager: Display: Found up-to-date module file ../../../Engine/Plugins/Runtime/WindowsMoviePlayer/Binaries/Win64/UE4Editor-WindowsMoviePlayer.dll (API version 3709383).
LogPluginManager: Mounting plugin Paper2D
LogPluginManager: Mounting plugin LightPropagationVolume
LogPluginManager: Mounting plugin CodeLiteSourceCodeAccess
LogPluginManager: Mounting plugin GitSourceControl
LogPluginManager: Mounting plugin KDevelopSourceCodeAccess
LogPluginManager: Mounting plugin NullSourceCodeAccess
LogPluginManager: Mounting plugin PerforceSourceControl
LogPluginManager: Mounting plugin SubversionSourceControl
LogPluginManager: Mounting plugin UObjectPlugin
LogPluginManager: Mounting plugin VisualStudioCodeSourceCodeAccess
LogPluginManager: Mounting plugin VisualStudioSourceCodeAccess
LogPluginManager: Mounting plugin XCodeSourceCodeAccess
LogPluginManager: Mounting plugin AssetManagerEditor
LogPluginManager: Mounting plugin AudioCapture
LogPluginManager: Mounting plugin FacialAnimation
LogPluginManager: Mounting plugin GameplayTagsEditor
LogPluginManager: Mounting plugin MobileLauncherProfileWizard
LogPluginManager: Mounting plugin PluginBrowser
LogPluginManager: Mounting plugin SpeedTreeImporter
LogPluginManager: Mounting plugin AlembicImporter
LogPluginManager: Mounting plugin CharacterAI
LogPluginManager: Mounting plugin HTML5Networking
LogPluginManager: Mounting plugin AndroidMedia
LogPluginManager: Mounting plugin AvfMedia
LogPluginManager: Mounting plugin ImgMedia
LogPluginManager: Mounting plugin MediaCompositing
LogPluginManager: Mounting plugin MediaPlayerEditor
LogPluginManager: Mounting plugin WmfMedia
LogPluginManager: Mounting plugin TcpMessaging
LogPluginManager: Mounting plugin UdpMessaging
LogPluginManager: Mounting plugin ActorSequence
LogPluginManager: Mounting plugin LevelSequenceEditor
LogPluginManager: Mounting plugin MatineeToLevelSequence
LogPluginManager: Mounting plugin OnlineSubsystemGooglePlay
LogPluginManager: Mounting plugin OnlineSubsystemIOS
LogPluginManager: Mounting plugin OnlineSubsystem
LogPluginManager: Mounting plugin OnlineSubsystemNull
LogPluginManager: Mounting plugin OnlineSubsystemUtils
LogPluginManager: Mounting plugin AndroidDeviceProfileSelector
LogPluginManager: Mounting plugin AndroidMoviePlayer
LogPluginManager: Mounting plugin AndroidPermission
LogPluginManager: Mounting plugin AppleARKit
LogPluginManager: Mounting plugin AppleMoviePlayer
LogPluginManager: Mounting plugin ArchVisCharacter
LogPluginManager: Mounting plugin CableComponent
LogPluginManager: Mounting plugin CustomMeshComponent
LogPluginManager: Mounting plugin ExampleDeviceProfileSelector
LogPluginManager: Mounting plugin GoogleCloudMessaging
LogPluginManager: Mounting plugin ImmediatePhysics
LogPluginManager: Mounting plugin IOSDeviceProfileSelector
LogPluginManager: Mounting plugin LinuxDeviceProfileSelector
LogPluginManager: Mounting plugin LocationServicesBPLibrary
LogPluginManager: Mounting plugin MobilePatchingUtils
LogPluginManager: Mounting plugin OculusVR
LogPluginManager: Plugin shader directory ../../../Engine/Plugins/Runtime/Oculus/OculusVR/Shaders found
LogPluginManager: Mapping shader source directory ../../../Engine/Plugins/Runtime/Oculus/OculusVR/Shaders to virtual directory /Plugin/OculusVR
LogPluginManager: Mounting plugin PhysXVehicles
LogPluginManager: Mounting plugin ProceduralMeshComponent
LogPluginManager: Mounting plugin RuntimePhysXCooking
LogPluginManager: Mounting plugin SteamVR
LogPluginManager: Mounting plugin WindowsMoviePlayer
LogInit: Using libcurl 7.47.1
LogInit:  - built for x86_64-pc-win32
LogInit:  - supports SSL with OpenSSL/1.0.2g
LogInit:  - supports HTTP deflate (compression) using libz 1.2.8
LogInit:  - other features:
LogInit:      CURL_VERSION_SSL
LogInit:      CURL_VERSION_LIBZ
LogInit:      CURL_VERSION_IPV6
LogInit:      CURL_VERSION_ASYNCHDNS
LogInit:      CURL_VERSION_LARGEFILE
LogInit:      CURL_VERSION_IDN
LogInit:  CurlRequestOptions (configurable via config and command line):
LogInit:  - bVerifyPeer = false  - Libcurl will NOT verify peer certificate
LogInit:  - bUseHttpProxy = false  - Libcurl will NOT use HTTP proxy
LogInit:  - bDontReuseConnections = false  - Libcurl will reuse connections
LogInit:  - CertBundlePath = nullptr  - Libcurl will use whatever was configured at build time.
LogInit: Build: ++UE4+Release-4.18-CL-3832480
LogInit: Engine Version: 4.18.3-3832480+++UE4+Release-4.18
LogInit: Compatible Engine Version: 4.18.0-3709383+++UE4+Release-4.18
LogInit: Net CL: 3709383
LogDevObjectVersion: Number of dev versions registered: 16
LogDevObjectVersion:   Dev-Blueprints (B0D832E4-1F89-4F0D-ACCF-7EB736FD4AA2): 10
LogDevObjectVersion:   Dev-Build (E1C64328-A22C-4D53-A36C-8E866417BD8C): 0
LogDevObjectVersion:   Dev-Core (375EC13C-06E4-48FB-B500-84F0262A717E): 2
LogDevObjectVersion:   Dev-Editor (E4B068ED-F494-42E9-A231-DA0B2E46BB41): 20
LogDevObjectVersion:   Dev-Framework (CFFC743F-43B0-4480-9391-14DF171D2073): 30
LogDevObjectVersion:   Dev-Mobile (B02B49B5-BB20-44E9-A304-32B752E40360): 0
LogDevObjectVersion:   Dev-Networking (A4E4105C-59A1-49B5-A7C5-40C4547EDFEE): 0
LogDevObjectVersion:   Dev-Online (39C831C9-5AE6-47DC-9A44-9C173E1C8E7C): 0
LogDevObjectVersion:   Dev-Physics (78F01B33-EBEA-4F98-B9B4-84EACCB95AA2): 0
LogDevObjectVersion:   Dev-Platform (6631380F-2D4D-43E0-8009-CF276956A95A): 0
LogDevObjectVersion:   Dev-Rendering (12F88B9F-8875-4AFC-A67C-D90C383ABD29): 20
LogDevObjectVersion:   Dev-Sequencer (7B5AE74C-D270-4C10-A958-57980B212A5A): 4
LogDevObjectVersion:   Dev-VR (D7296918-1DD6-4BDD-9DE2-64A83CC13884): 0
LogDevObjectVersion:   Dev-LoadTimes (C2A15278-BFE7-4AFE-6C17-90FF531DF755): 1
LogDevObjectVersion:   Private-Geometry (6EACA3D4-40EC-4CC1-B786-8BED09428FC5): 1
LogDevObjectVersion:   Dev-AnimPhys (29E575DD-E0A3-4627-9D10-D276232CDCEA): 12
LogInit: Compiled (64-bit): Jan 12 2018 02:04:55
LogInit: Compiled with Visual C++: 19.00.24215.01
LogInit: Build Configuration: Development
LogInit: Branch Name: ++UE4+Release-4.18
LogInit: Command line:  
LogInit: Base directory: F:/UE_4.18/Engine/Binaries/Win64/
LogInit: Installed Engine Build: 1
LogInit: Presizing for max 8388607 objects, including 0 objects not considered by GC, pre-allocating 0 bytes for permanent pool.
LogInit: Object subsystem initialized
[2018.01.19-12.32.17:263][  0]LogInit: Selected Device Profile: [Windows]
[2018.01.19-12.32.17:263][  0]LogInit: Applying CVar settings loaded from the selected device profile: [Windows]
[2018.01.19-12.32.17:305][  0]LogInit: Computer: DESKTOP-I1JIKRR
[2018.01.19-12.32.17:305][  0]LogInit: User: ChristopherWhite
[2018.01.19-12.32.17:305][  0]LogInit: CPU Page size=4096, Cores=4
[2018.01.19-12.32.17:305][  0]LogInit: High frequency timer resolution =3.527474 MHz
[2018.01.19-12.32.17:305][  0]LogMemory: Memory total: Physical=23.9GB (24GB approx)
[2018.01.19-12.32.17:305][  0]LogMemory: Platform Memory Stats for Windows
[2018.01.19-12.32.17:305][  0]LogMemory: Process Physical Memory: 275.04 MB used, 275.04 MB peak
[2018.01.19-12.32.17:305][  0]LogMemory: Process Virtual Memory: 269.73 MB used, 269.73 MB peak
[2018.01.19-12.32.17:305][  0]LogMemory: Physical Memory: 6760.71 MB used,  17760.63 MB free, 24521.34 MB total
[2018.01.19-12.32.17:305][  0]LogMemory: Virtual Memory: 677.91 MB used,  17760.63 MB free, 134217728.00 MB total
[2018.01.19-12.32.17:770][  0]LogInit: Using OS detected language (en-US).
[2018.01.19-12.32.17:770][  0]LogInit: Using OS detected locale (en-US).
[2018.01.19-12.32.17:858][  0]LogTextLocalizationManager: No specific localization for 'en-US' exists, so the 'en' localization will be used.
[2018.01.19-12.32.18:523][  0]LogInit: Setting process to per monitor DPI aware
[2018.01.19-12.32.21:694][  0]LogD3D11RHI: D3D11 adapters:
[2018.01.19-12.32.21:737][  0]LogD3D11RHI:    0. 'AMD Radeon (TM) R9 380 Series' (Feature Level 11_0)
[2018.01.19-12.32.21:737][  0]LogD3D11RHI:       2023/0/12260 MB DedicatedVideo/DedicatedSystem/SharedSystem, Outputs:1, VendorId:0x1002
[2018.01.19-12.32.21:741][  0]LogD3D11RHI:    1. 'Microsoft Basic Render Driver' (Feature Level 11_0)
[2018.01.19-12.32.21:741][  0]LogD3D11RHI:       0/0/12260 MB DedicatedVideo/DedicatedSystem/SharedSystem, Outputs:0, VendorId:0x1414
[2018.01.19-12.32.21:741][  0]LogD3D11RHI: Chosen D3D11 Adapter: 0
[2018.01.19-12.32.21:754][  0]LogD3D11RHI: Creating new Direct3DDevice
[2018.01.19-12.32.21:755][  0]LogD3D11RHI:     GPU DeviceId: 0x6939 (for the marketing name, search the web for "GPU Device Id")
[2018.01.19-12.32.21:755][  0]LogWindows: EnumDisplayDevices:
[2018.01.19-12.32.21:755][  0]LogWindows:    0. 'AMD Radeon (TM) R9 380 Series' (P:1 D:1)
[2018.01.19-12.32.21:755][  0]LogWindows:    1. 'AMD Radeon (TM) R9 380 Series' (P:0 D:0)
[2018.01.19-12.32.21:755][  0]LogWindows:    2. 'AMD Radeon (TM) R9 380 Series' (P:0 D:0)
[2018.01.19-12.32.21:756][  0]LogWindows:    3. 'AMD Radeon (TM) R9 380 Series' (P:0 D:0)
[2018.01.19-12.32.21:756][  0]LogWindows:    4. 'AMD Radeon (TM) R9 380 Series' (P:0 D:0)
[2018.01.19-12.32.21:756][  0]LogWindows:    5. 'AMD Radeon (TM) R9 380 Series' (P:0 D:0)
[2018.01.19-12.32.21:757][  0]LogWindows:    6. 'AMD Radeon (TM) R9 380 Series' (P:0 D:0)
[2018.01.19-12.32.21:757][  0]LogWindows:    7. 'AMD Radeon (TM) R9 380 Series' (P:0 D:0)
[2018.01.19-12.32.21:757][  0]LogWindows:    8. 'AMD Radeon (TM) R9 380 Series' (P:0 D:0)
[2018.01.19-12.32.21:757][  0]LogWindows:    9. 'AMD Radeon (TM) R9 380 Series' (P:0 D:0)
[2018.01.19-12.32.21:758][  0]LogWindows:    10. 'AMD Radeon (TM) R9 380 Series' (P:0 D:0)
[2018.01.19-12.32.21:758][  0]LogWindows:    11. 'AMD Radeon (TM) R9 380 Series' (P:0 D:0)
[2018.01.19-12.32.21:758][  0]LogWindows:    12. 'AMD Radeon (TM) R9 380 Series' (P:0 D:0)
[2018.01.19-12.32.21:759][  0]LogWindows:    13. 'AMD Radeon (TM) R9 380 Series' (P:0 D:0)
[2018.01.19-12.32.21:759][  0]LogWindows:    14. 'AMD Radeon (TM) R9 380 Series' (P:0 D:0)
[2018.01.19-12.32.21:759][  0]LogWindows:    15. 'AMD Radeon (TM) R9 380 Series' (P:0 D:0)
[2018.01.19-12.32.21:759][  0]LogWindows: DebugString: GetVideoDriverDetailsInvalid PrimaryIsNotTheChoosenAdapter GetVideoDriverDetailsInvalid PrimaryIsNotTheChoosenAdapter GetVideoDriverDetailsInvalid PrimaryIsNotTheChoosenAdapter GetVideoDriverDetailsInvalid PrimaryIsNotTheChoosenAdapter GetVideoDriverDetailsInvalid PrimaryIsNotTheChoosenAdapter GetVideoDriverDetailsInvalid PrimaryIsNotTheChoosenAdapter GetVideoDriverDetailsInvalid PrimaryIsNotTheChoosenAdapter GetVideoDriverDetailsInvalid PrimaryIsNotTheChoosenAdapter GetVideoDriverDetailsInvalid PrimaryIsNotTheChoosenAdapter GetVideoDriverDetailsInvalid PrimaryIsNotTheChoosenAdapter GetVideoDriverDetailsInvalid PrimaryIsNotTheChoosenAdapter GetVideoDriverDetailsInvalid PrimaryIsNotTheChoosenAdapter GetVideoDriverDetailsInvalid PrimaryIsNotTheChoosenAdapter GetVideoDriverDetailsInvalid PrimaryIsNotTheChoosenAdapter GetVideoDriverDetailsInvalid PrimaryIsNotTheChoosenAdapter GetVideoDriverDetailsInvalid PrimaryIsNotTheChoosenAdapter FoundDriverCount:0 
[2018.01.19-12.32.21:759][  0]LogD3D11RHI:     Adapter Name: AMD Radeon (TM) R9 380 Series
[2018.01.19-12.32.21:759][  0]LogD3D11RHI:   Driver Version: Unknown (internal:Unknown, unified:Unknown)
[2018.01.19-12.32.21:759][  0]LogD3D11RHI:      Driver Date: Unknown
[2018.01.19-12.32.21:759][  0]LogRHI: Texture pool is 1416 MB (70% of 2023 MB)
[2018.01.19-12.32.21:880][  0]LogD3D11RHI: Async texture creation enabled
[2018.01.19-12.32.21:900][  0]LogD3D11RHI: GPU Timing Frequency: 27.000000 (Debug: 2 1)
[2018.01.19-12.32.21:902][  0]LogShaderCompilers: Guid format shader working directory is 32 characters bigger than the processId version (../../../../Projects/Stocks/Intermediate/Shaders/WorkingDirectory/480/).
[2018.01.19-12.32.21:902][  0]LogShaderCompilers: Cleaned the shader compiler working directory 'C:/Users/Christopher White/AppData/Local/Temp/UnrealShaderWorkingDir/E5073C3E4EE67B93FFF6E0B9B23E7B42/'.
[2018.01.19-12.32.21:902][  0]LogShaderCompilers: Display: Using Local Shader Compiler.
[2018.01.19-12.32.25:815][  0]LogTemp: Display: Loaded TP AllDesktopTargetPlatform
[2018.01.19-12.32.25:895][  0]LogTemp: Display: Loaded TP MacClientTargetPlatform
[2018.01.19-12.32.25:973][  0]LogTemp: Display: Loaded TP MacNoEditorTargetPlatform
[2018.01.19-12.32.26:052][  0]LogTemp: Display: Loaded TP MacServerTargetPlatform
[2018.01.19-12.32.26:137][  0]LogTemp: Display: Loaded TP MacTargetPlatform
[2018.01.19-12.32.26:215][  0]LogTemp: Display: Loaded TP WindowsClientTargetPlatform
[2018.01.19-12.32.26:294][  0]LogTemp: Display: Loaded TP WindowsNoEditorTargetPlatform
[2018.01.19-12.32.26:372][  0]LogTemp: Display: Loaded TP WindowsServerTargetPlatform
[2018.01.19-12.32.26:438][  0]LogTemp: Display: Loaded TP WindowsTargetPlatform
[2018.01.19-12.32.26:516][  0]LogTemp: Display: Loaded TP Android_ASTCTargetPlatform
[2018.01.19-12.32.26:590][  0]LogTemp: Display: Loaded TP Android_ATCTargetPlatform
[2018.01.19-12.32.26:667][  0]LogTemp: Display: Loaded TP Android_DXTTargetPlatform
[2018.01.19-12.32.26:743][  0]LogTemp: Display: Loaded TP Android_ETC1TargetPlatform
[2018.01.19-12.32.26:819][  0]LogTemp: Display: Loaded TP Android_ETC2TargetPlatform
[2018.01.19-12.32.26:971][  0]LogTemp: Display: Loaded TP Android_MultiTargetPlatform
[2018.01.19-12.32.26:971][  0]LogTemp: Display: Loaded TP Android_PVRTCTargetPlatform
[2018.01.19-12.32.27:053][  0]LogTemp: Display: Loaded TP AndroidTargetPlatform
[2018.01.19-12.32.27:112][  0]LogTemp: Display: Loaded TP HTML5TargetPlatform
[2018.01.19-12.32.27:273][  0]LogTemp: Display: Loaded TP IOSTargetPlatform
[2018.01.19-12.32.27:316][  0]LogTemp: Display: Loaded TP TVOSTargetPlatform
[2018.01.19-12.32.27:391][  0]LogTemp: Display: Loaded TP LinuxClientTargetPlatform
[2018.01.19-12.32.27:469][  0]LogTemp: Display: Loaded TP LinuxNoEditorTargetPlatform
[2018.01.19-12.32.27:544][  0]LogTemp: Display: Loaded TP LinuxServerTargetPlatform
[2018.01.19-12.32.27:624][  0]LogTemp: Display: Loaded TP LinuxTargetPlatform
[2018.01.19-12.32.27:624][  0]LogTargetPlatformManager: Display: Building Assets For Windows
[2018.01.19-12.32.28:695][  0]LogDerivedDataCache: Display: Max Cache Size: 512 MB
[2018.01.19-12.32.29:599][  0]LogDerivedDataCache: Loaded boot cache 0.90s 78MB C:/Users/Christopher White/AppData/Local/UnrealEngine/4.18/DerivedDataCache/Boot.ddc.
[2018.01.19-12.32.29:599][  0]LogDerivedDataCache: Display: Loaded Boot cache: C:/Users/Christopher White/AppData/Local/UnrealEngine/4.18/DerivedDataCache/Boot.ddc
[2018.01.19-12.32.29:599][  0]LogDerivedDataCache: FDerivedDataBackendGraph:  Pak pak cache file ../../../../Projects/Stocks/DerivedDataCache/DDC.ddp not found, will not use a pak cache.
[2018.01.19-12.32.29:599][  0]LogDerivedDataCache: Unable to find inner node Pak for hierarchical cache Hierarchy.
[2018.01.19-12.32.29:599][  0]LogDerivedDataCache: FDerivedDataBackendGraph:  CompressedPak pak cache file ../../../../Projects/Stocks/DerivedDataCache/Compressed.ddp not found, will not use a pak cache.
[2018.01.19-12.32.29:599][  0]LogDerivedDataCache: Unable to find inner node CompressedPak for hierarchical cache Hierarchy.
[2018.01.19-12.32.29:635][  0]LogDerivedDataCache: Display: Pak cache opened for reading ../../../Engine/DerivedDataCache/Compressed.ddp.
[2018.01.19-12.32.29:648][  0]LogDerivedDataCache: Using Local data cache path C:/Users/Christopher White/AppData/Local/UnrealEngine/Common/DerivedDataCache: Writable
[2018.01.19-12.32.29:669][  0]LogMaterial: Verifying Global Shaders for PCD3D_SM5
[2018.01.19-12.32.29:669][  0]LogSlate: Using Freetype 2.6.0
[2018.01.19-12.32.29:688][  0]LogSlate: SlateFontCache - WITH_FREETYPE: 1, WITH_HARFBUZZ: 1
[2018.01.19-12.32.29:688][  0]LogSlate: SlateFontCache - WITH_FREETYPE: 1, WITH_HARFBUZZ: 1
[2018.01.19-12.32.33:489][  0]LogInit: Selected Device Profile: [Windows]
[2018.01.19-12.32.34:181][  0]LogSimplygon: Simplygon DLL not present - disabling.
[2018.01.19-12.32.34:242][  0]LogMeshReduction: Using SimplygonSwarm for distributed automatic mesh merging
[2018.01.19-12.32.34:243][  0]LogMeshReduction: Using QuadricMeshReduction for automatic static mesh reduction
[2018.01.19-12.32.34:243][  0]LogMeshReduction: No automatic skeletal mesh reduction module available
[2018.01.19-12.32.34:243][  0]LogMeshReduction: No automatic mesh merging module available
[2018.01.19-12.32.34:243][  0]LogMeshMerging: No automatic mesh merging module available
[2018.01.19-12.32.34:320][  0]LogNetVersion: Stocks , NetCL: 3709383, EngineNetVer: 2, GameNetVer: 0 (Checksum: 4114277839)
[2018.01.19-12.32.34:835][  0]LogAssetRegistry: FAssetRegistry took 0.0295 seconds to start up
[2018.01.19-12.32.36:228][  0]LogPackageLocalizationCache: Processed 7 localized package path(s) for 2 prioritized culture(s) in 0.089413 seconds
[2018.01.19-12.32.36:236][  0]LogUObjectArray: 35870 objects as part of root set at end of initial load.
[2018.01.19-12.32.36:236][  0]LogUObjectAllocator: 7363696 out of 0 bytes used by permanent object pool.
[2018.01.19-12.32.36:236][  0]LogUObjectArray: CloseDisregardForGC: 0/0 objects in disregard for GC pool
[2018.01.19-12.32.36:308][  0]LogInit: WinSock: version 1.1 (2.2), MaxSocks=32767, MaxUdp=65467
[2018.01.19-12.32.43:268][  0]LogTcpMessaging: Initializing TcpMessaging bridge
[2018.01.19-12.32.43:323][  0]LogUdpMessaging: Initializing bridge on interface 0.0.0.0:0 to multicast group 230.0.0.1:6666.
[2018.01.19-12.32.44:406][  0]LogMaterial: Uniform references updated for custom material expression Custom.
[2018.01.19-12.32.45:130][  0]SourceControl: Source control is disabled
[2018.01.19-12.32.45:130][  0]SourceControl: Source control is disabled
[2018.01.19-12.32.45:205][  0]SourceControl: Source control is disabled
[2018.01.19-12.32.45:287][  0]SourceControl: Source control is disabled
[2018.01.19-12.32.46:518][  0]LogAndroidPermission: UAndroidPermissionCallbackProxy::GetInstance
[2018.01.19-12.32.46:903][  0]LogOcInput: OculusInput pre-init called
[2018.01.19-12.32.47:349][  0]LogEngine: Initializing Engine...
[2018.01.19-12.32.51:484][  0]LogHMD: SteamVR initialized.  Driver: lighthouse  Display: LHR-72CE36DB
[2018.01.19-12.32.52:141][  0]LogStats: UGameplayTagsManager::ConstructGameplayTagTree: Construct from data asset -  0.000 s
[2018.01.19-12.32.52:141][  0]LogStats: UGameplayTagsManager::ConstructGameplayTagTree: GameplayTagTreeChangedEvent.Broadcast -  0.000 s
[2018.01.19-12.32.52:345][  0]LogAIModule: Creating AISystem for world Untitled
[2018.01.19-12.32.52:394][  0]LogInit: XAudio2 using 'Speakers (High Definition Audio Device)' : 2 channels at 48 kHz using 16 bits per sample (channel mask 0x3)
[2018.01.19-12.32.52:419][  0]LogInit: FAudioDevice initialized.
[2018.01.19-12.32.52:639][  0]LogDerivedDataCache: Saved boot cache 0.22s 78MB C:/Users/Christopher White/AppData/Local/UnrealEngine/4.18/DerivedDataCache/Boot.ddc.
[2018.01.19-12.32.52:686][  0]LogInit: Texture streaming: Enabled
[2018.01.19-12.32.52:844][  0]LogEngineSessionManager: EngineSessionManager initialized
[2018.01.19-12.32.53:042][  0]LogInit: Transaction tracking system initialized
[2018.01.19-12.32.53:529][  0]BlueprintLog: New page: Editor Load
[2018.01.19-12.32.54:922][  0]LocalizationService: Localization service is disabled
[2018.01.19-12.32.56:158][  0]LogConsoleResponse: Display: 
[2018.01.19-12.32.57:356][  0]LogFileCache: Scanning file cache for directory 'F:/Projects/Stocks/Content/' took 0.02s
[2018.01.19-12.32.57:356][  0]LogCook: Display: Max memory allowance for cook 16384mb min free memory 0mb
[2018.01.19-12.32.57:356][  0]LogCook: Display: Mobile HDR setting 1
[2018.01.19-12.32.57:357][  0]LogGameplayTags: Display: UGameplayTagsManager::DoneAddingNativeTags. DelegateIsBound: 0
[2018.01.19-12.32.59:375][  0]SourceControl: Source control is disabled
[2018.01.19-12.32.59:376][  0]Cmd: MAP LOAD FILE="../../../../Projects/Stocks/Content/StarterContent/Maps/Minimal_Default.umap" TEMPLATE=0 SHOWPROGRESS=1 FEATURELEVEL=3
[2018.01.19-12.32.59:385][  0]LightingResults: New page: Lighting Build
[2018.01.19-12.32.59:451][  0]MapCheck: New page: Map Check
[2018.01.19-12.32.59:451][  0]LightingResults: New page: Lighting Build
[2018.01.19-12.33.00:753][  0]LogTexture: Display: Building textures: SkyOcclusion0_2 (AutoDXT, 64X32)
[2018.01.19-12.33.00:753][  0]LogTexture: Display: Building textures: LQ_Lightmap_0_2 (DXT1, 64X64)
[2018.01.19-12.33.00:754][  0]LogTexture: Display: Building textures: HQ_Lightmap0_2 (AutoDXT, 64X64)
[2018.01.19-12.33.00:754][  0]LogTexture: Display: Building textures: SkyOcclusion0_1 (AutoDXT, 1024X512)
[2018.01.19-12.33.00:754][  0]LogTexture: Display: Building textures: LQ_Lightmap_0_1 (DXT1, 1024X1024)
[2018.01.19-12.33.00:754][  0]LogTexture: Display: Building textures: HQ_Lightmap0_1 (AutoDXT, 1024X1024)
[2018.01.19-12.33.01:196][  0]LogAIModule: Creating AISystem for world Minimal_Default
[2018.01.19-12.33.01:236][  0]LogEditorServer: Finished looking for orphan Actors (0.000 secs)
[2018.01.19-12.33.01:277][  0]Cmd: MAP CHECKDEP NOCLEARLOG
[2018.01.19-12.33.01:355][  0]MapCheck: Map check complete: 0 Error(s), 0 Warning(s), took 77.781ms to complete.
[2018.01.19-12.33.01:355][  0]LogFileHelpers: Loading map 'Minimal_Default' took 1.980
[2018.01.19-12.33.01:658][  0]LogCollectionManager: Loaded 0 collections in 0.002133 seconds
[2018.01.19-12.33.01:793][  0]LogFileCache: Scanning file cache for directory 'F:/Projects/Stocks/Saved/Collections/' took 0.01s
[2018.01.19-12.33.01:793][  0]LogFileCache: Scanning file cache for directory 'F:/Projects/Stocks/Content/Developers/ChristopherWhite/Collections/' took 0.01s
[2018.01.19-12.33.01:793][  0]LogFileCache: Scanning file cache for directory 'F:/Projects/Stocks/Content/Collections/' took 0.01s
[2018.01.19-12.33.01:793][  0]LogCollectionManager: Rebuilt the GUID cache for 0 collections in 0.000001 seconds
[2018.01.19-12.33.01:813][  0]LogContentBrowser: Native class hierarchy populated in 0.0188 seconds. Added 2363 classes and 519 folders.
[2018.01.19-12.33.01:915][  0]LogContentBrowser: Native class hierarchy updated for 'WidgetCarousel' in 0.0003 seconds. Added 0 classes and 0 folders.
[2018.01.19-12.33.01:963][  0]LogContentBrowser: Native class hierarchy updated for 'AddContentDialog' in 0.0005 seconds. Added 0 classes and 0 folders.
[2018.01.19-12.33.02:037][  0]LogContentBrowser: Native class hierarchy updated for 'SceneOutliner' in 0.0004 seconds. Added 1 classes and 2 folders.
[2018.01.19-12.33.02:110][  0]LogSlate: Took 0.008310 seconds to synchronously load lazily loaded font '../../../Engine/Content/Slate/Fonts/Roboto-Regular.ttf' (155K)
[2018.01.19-12.33.02:121][  0]LogSlate: Took 0.007188 seconds to synchronously load lazily loaded font '../../../Engine/Content/Slate/Fonts/Roboto-Bold.ttf' (160K)
[2018.01.19-12.33.02:137][  0]LogSlate: Took 0.006853 seconds to synchronously load lazily loaded font '../../../Engine/Content/Editor/Slate/Fonts/FontAwesome.ttf' (139K)
[2018.01.19-12.33.02:454][  0]LogRenderer: Reallocating scene render targets to support 1240x628 Format 10 NumSamples 1 (Frame:1).
[2018.01.19-12.33.02:790][  0]LogContentBrowser: Native class hierarchy updated for 'HierarchicalLODOutliner' in 0.0005 seconds. Added 1 classes and 2 folders.
[2018.01.19-12.33.02:791][  0]LogLoad: (Engine Initialization) Total time: 52.36 seconds
[2018.01.19-12.33.02:791][  0]LogLoad: (Engine Initialization) Total Blueprint compile time: 0.00 seconds
[2018.01.19-12.33.02:791][  0]LogExternalProfiler: No external profilers were discovered.  External profiling features will not be available.
[2018.01.19-12.33.03:163][  0]LogContentStreaming: Texture pool size now 1000 MB
[2018.01.19-12.33.03:254][  0]LogSlate: Took 0.008451 seconds to synchronously load lazily loaded font '../../../Engine/Content/Slate/Fonts/Roboto-Light.ttf' (159K)
[2018.01.19-12.33.03:809][  2]LogAssetRegistry: Asset discovery search completed in 28.9973 seconds
[2018.01.19-12.33.03:813][  2]LogCollectionManager: Rebuilt the object cache for 0 collections in 0.000000 seconds (found 0 objects)
[2018.01.19-12.33.03:813][  2]LogCollectionManager: Fixed up redirectors for 0 collections in 0.000089 seconds (updated 0 objects)
[2018.01.19-12.34.28:768][799]LogEditorViewport: Clicking on Actor (LMB): StaticMeshActor (Floor3)
[2018.01.19-12.34.30:914][932]LogSlate: Took 0.000312 seconds to synchronously load lazily loaded font '../../../Engine/Content/Slate/Fonts/Roboto-Light.ttf' (159K)
[2018.01.19-12.34.37:217][426]LogEditorViewport: Clicking on Actor (LMB): StaticMeshActor (Floor)
[2018.01.19-12.34.37:711][467]LogEditorViewport: Clicking on Actor (CTRL LMB): StaticMeshActor (Floor7)
[2018.01.19-12.34.38:163][498]LogEditorViewport: Clicking on Actor (CTRL LMB): StaticMeshActor (Floor5)
[2018.01.19-12.34.38:878][557]LogEditorViewport: Clicking on Actor (CTRL LMB): StaticMeshActor (Floor11)
[2018.01.19-12.34.39:206][580]LogEditorViewport: Clicking on Actor (CTRL LMB): StaticMeshActor (Floor9)
[2018.01.19-12.34.39:570][606]LogEditorViewport: Clicking on Actor (CTRL LMB): StaticMeshActor (Floor15)
[2018.01.19-12.34.39:868][626]LogEditorViewport: Clicking on Actor (CTRL LMB): StaticMeshActor (Floor13)
[2018.01.19-12.34.40:567][681]LogEditorViewport: Clicking on Actor (CTRL LMB): StaticMeshActor (Floor21)
[2018.01.19-12.34.40:931][707]LogEditorViewport: Clicking on Actor (CTRL LMB): StaticMeshActor (Floor23)
[2018.01.19-12.34.41:375][739]LogEditorViewport: Clicking on Actor (CTRL LMB): StaticMeshActor (Floor17)
[2018.01.19-12.34.42:572][838]LogEditorViewport: Clicking on Actor (CTRL LMB): StaticMeshActor (Floor19)
[2018.01.19-12.34.43:651][930]LogEditorViewport: Clicking on Actor (CTRL LMB): StaticMeshActor (Floor29)
[2018.01.19-12.34.44:140][966]LogEditorViewport: Clicking on Actor (CTRL LMB): StaticMeshActor (Floor31)
[2018.01.19-12.34.45:025][ 39]LogEditorViewport: Clicking on Actor (CTRL LMB): StaticMeshActor (Floor25)
[2018.01.19-12.34.45:691][ 93]LogEditorViewport: Clicking on Actor (CTRL LMB): StaticMeshActor (Floor27)
[2018.01.19-12.34.51:881][553]LogEditorViewport: Clicking on Actor (LMB): BP_Sky_Sphere_C (BP_Sky_Sphere)
[2018.01.19-12.34.54:564][789]Cmd: ACTOR SELECT ALL
[2018.01.19-12.34.56:420][951]LogEditorViewport: Clicking on Actor (LMB): StaticMeshActor (Floor3)
[2018.01.19-12.34.57:689][ 52]LogEditorViewport: Clicking on Actor (CTRL LMB): StaticMeshActor (Floor2)
[2018.01.19-12.34.58:171][ 89]LogEditorViewport: Clicking on Actor (CTRL LMB): StaticMeshActor (Floor11)
[2018.01.19-12.34.58:498][111]LogEditorViewport: Clicking on Actor (CTRL LMB): StaticMeshActor (Floor10)
[2018.01.19-12.34.58:973][147]LogEditorViewport: Clicking on Actor (CTRL LMB): StaticMeshActor (Floor19)
[2018.01.19-12.34.59:309][168]LogEditorViewport: Clicking on Actor (CTRL LMB): StaticMeshActor (Floor18)
[2018.01.19-12.34.59:706][194]LogEditorViewport: Clicking on Actor (CTRL LMB): StaticMeshActor (Floor27)
[2018.01.19-12.35.00:156][228]LogEditorViewport: Clicking on Actor (CTRL LMB): StaticMeshActor (Floor24)
[2018.01.19-12.35.01:209][316]LogEditorViewport: Clicking on Actor (CTRL LMB): StaticMeshActor (Floor26)
[2018.01.19-12.35.02:029][383]LogEditorViewport: Clicking on Actor (CTRL LMB): StaticMeshActor (Floor25)
[2018.01.19-12.35.02:396][409]LogEditorViewport: Clicking on Actor (CTRL LMB): StaticMeshActor (Floor16)
[2018.01.19-12.35.03:032][456]LogEditorViewport: Clicking on Actor (CTRL LMB): StaticMeshActor (Floor17)
[2018.01.19-12.35.03:401][481]LogEditorViewport: Clicking on Actor (CTRL LMB): StaticMeshActor (Floor8)
[2018.01.19-12.35.03:873][515]LogEditorViewport: Clicking on Actor (CTRL LMB): StaticMeshActor (Floor9)
[2018.01.19-12.35.05:049][603]Cmd: TRANSACTION UNDO
[2018.01.19-12.35.05:049][603]LogEditorTransaction: Undo Move Actors
[2018.01.19-12.35.05:055][603]LogActorComponent: ~FComponentReregisterContext: (/Game/StarterContent/Maps/Minimal_Default.Minimal_Default:PersistentLevel.Floor10.StaticMeshComponent0) Component already registered.
[2018.01.19-12.35.05:058][603]LogActorComponent: ~FComponentReregisterContext: (/Game/StarterContent/Maps/Minimal_Default.Minimal_Default:PersistentLevel.Floor24.StaticMeshComponent0) Component already registered.
[2018.01.19-12.35.05:492][630]LogEditorViewport: Clicking on Actor (CTRL LMB): StaticMeshActor (Floor)
[2018.01.19-12.35.05:982][665]LogEditorViewport: Clicking on Actor (CTRL LMB): StaticMeshActor (Floor)
[2018.01.19-12.35.06:607][712]LogEditorViewport: Clicking on Actor (CTRL LMB): StaticMeshActor (Floor7)
[2018.01.19-12.35.07:271][763]LogEditorViewport: Clicking on Actor (CTRL LMB): StaticMeshActor (Floor5)
[2018.01.19-12.35.07:839][805]LogEditorViewport: Clicking on Actor (CTRL LMB): StaticMeshActor (Floor4)
[2018.01.19-12.35.08:790][876]Cmd: TRANSACTION UNDO
[2018.01.19-12.35.08:790][876]LogEditorTransaction: Undo Move Actors
[2018.01.19-12.35.08:796][876]LogActorComponent: ~FComponentReregisterContext: (/Game/StarterContent/Maps/Minimal_Default.Minimal_Default:PersistentLevel.Floor26.StaticMeshComponent0) Component already registered.
[2018.01.19-12.35.08:797][876]LogActorComponent: ~FComponentReregisterContext: (/Game/StarterContent/Maps/Minimal_Default.Minimal_Default:PersistentLevel.Floor7.StaticMeshComponent0) Component already registered.
[2018.01.19-12.35.08:798][876]LogActorComponent: ~FComponentReregisterContext: (/Game/StarterContent/Maps/Minimal_Default.Minimal_Default:PersistentLevel.Floor17.StaticMeshComponent0) Component already registered.
[2018.01.19-12.35.09:271][905]LogEditorViewport: Clicking on Actor (CTRL LMB): StaticMeshActor (Floor6)
[2018.01.19-12.35.09:857][946]LogEditorViewport: Clicking on Actor (CTRL LMB): StaticMeshActor (Floor13)
[2018.01.19-12.35.10:388][985]LogEditorViewport: Clicking on Actor (CTRL LMB): StaticMeshActor (Floor15)
[2018.01.19-12.35.10:823][ 16]LogEditorViewport: Clicking on Actor (CTRL LMB): StaticMeshActor (Floor12)
[2018.01.19-12.35.11:299][ 49]LogEditorViewport: Clicking on Actor (CTRL LMB): StaticMeshActor (Floor14)
[2018.01.19-12.35.11:816][ 85]LogEditorViewport: Clicking on Actor (CTRL LMB): StaticMeshActor (Floor21)
[2018.01.19-12.35.13:301][206]LogEditorViewport: Clicking on Actor (CTRL LMB): StaticMeshActor (Floor23)
[2018.01.19-12.35.13:840][246]LogEditorViewport: Clicking on Actor (CTRL LMB): StaticMeshActor (Floor20)
[2018.01.19-12.35.14:356][283]LogEditorViewport: Clicking on Actor (CTRL LMB): StaticMeshActor (Floor22)
[2018.01.19-12.35.15:124][342]LogEditorViewport: Clicking on Actor (CTRL LMB): StaticMeshActor (Floor29)
[2018.01.19-12.35.15:593][374]LogEditorViewport: Clicking on Actor (CTRL LMB): StaticMeshActor (Floor31)
[2018.01.19-12.35.16:078][409]LogEditorViewport: Clicking on Actor (CTRL LMB): StaticMeshActor (Floor28)
[2018.01.19-12.35.16:540][441]LogEditorViewport: Clicking on Actor (CTRL LMB): StaticMeshActor (Floor30)
[2018.01.19-12.35.33:404][584]LogEditorViewport: Clicking on Actor (LMB): BP_Sky_Sphere_C (BP_Sky_Sphere)
[2018.01.19-12.35.38:985][ 70]Cmd: ACTOR SELECT ALL
[2018.01.19-12.35.40:145][193]LogEditorViewport: Clicking on Actor (LMB): BP_Sky_Sphere_C (BP_Sky_Sphere)
[2018.01.19-12.35.51:966][191]LogEditorViewport: Clicking on Actor (LMB): StaticMeshActor (Floor7)
[2018.01.19-12.35.52:641][245]LogEditorViewport: Clicking on Actor (LMB): StaticMeshActor (Floor6)
[2018.01.19-12.35.53:483][319]LogEditorViewport: Clicking on Actor (LMB): BP_Sky_Sphere_C (BP_Sky_Sphere)
[2018.01.19-12.35.54:158][376]LogEditorViewport: Clicking on Actor (LMB): PlayerStart (Player Start)
[2018.01.19-12.35.55:951][541]LogSlate: Took 0.008949 seconds to synchronously load lazily loaded font '../../../Engine/Content/Editor/Slate/Fonts/Roboto-Italic.ttf' (157K)
[2018.01.19-12.36.09:883][962]Cmd: DELETE
[2018.01.19-12.36.09:883][962]Cmd: ACTOR DELETE
[2018.01.19-12.36.09:889][962]LogEditorActor: Deleted Actor: PlayerStart
[2018.01.19-12.36.09:935][962]LogEditorActor: Deleted 1 Actors (0.052 secs)
[2018.01.19-12.36.10:842][ 67]LogEditorViewport: Clicking on Actor (LMB): SphereReflectionCapture (SphereReflectionCapture10)
[2018.01.19-12.36.59:003][738]LogSlate: Only BGRA pngs, bmps or icos are supported in by External Image Picker
[2018.01.19-12.36.59:169][741]LogTemp: Executing iPhonePackager certificates Engine -bundlename com.YourCompany.Stocks
[2018.01.19-12.36.59:169][741]LogTemp: CWD: F:\UE_4.18\Engine\Binaries\DotNET\IOS
[2018.01.19-12.36.59:169][741]LogTemp: Initial Dir: F:\UE_4.18
[2018.01.19-12.36.59:169][741]LogTemp: Env CWD: F:\UE_4.18\Engine\Binaries\DotNET\IOS
[2018.01.19-12.36.59:169][741]LogTemp: BranchPath = DESKTOP-I1JIKRR/F/UE_4.18/Engine/Binaries --- GameBranchPath = DESKTOP-I1JIKRR/F/UE_4.18/Engine/Binaries
[2018.01.19-12.36.59:218][743]LogTemp: IPP ERROR: Could not find provision directory 'C:\Users\Christopher White\AppData\Local/Apple Computer/MobileDevice/Provisioning Profiles/'.
[2018.01.19-12.37.33:058][690]MapCheck: New page: Map Check
[2018.01.19-12.37.33:188][690]LightingResults: New page: Lighting Build - Jan 19, 2018, 12:37:33 AM
[2018.01.19-12.37.33:339][690]LogSwarmInterface: [OpenConnection] Registering TCP channel ...
[2018.01.19-12.37.33:520][690]LogSwarmInterface: [OpenConnection] Connecting to agent ...
[2018.01.19-12.37.33:548][690]LogSwarmInterface: [TryOpenConnection] Testing the Agent
[2018.01.19-12.37.34:597][690]LogSwarmInterface: [TryOpenConnection] Opening Connection to Agent
[2018.01.19-12.37.34:597][690]LogSwarmInterface: [TryOpenConnection] Local Process ID is 480
[2018.01.19-12.37.37:075][690]LogStaticLightingSystem: Warning: No importance volume found, so the scene bounding box was used.  You can optimize your scene's quality and lighting build times by adding importance volumes.
[2018.01.19-12.37.37:075][690]LogStaticLightingSystem: Running Lightmass w/ ImmediateImport mode ENABLED
[2018.01.19-12.37.37:075][690]LogStaticLightingSystem: Running Lightmass w/ ImmediateProcess mode ENABLED
[2018.01.19-12.37.37:075][690]LogStaticLightingSystem: Running Lightmass w/ Sorting mode ENABLED
[2018.01.19-12.37.37:075][690]LogStaticLightingSystem: Running Lightmass w/ Mapping paddings ENABLED
[2018.01.19-12.37.37:075][690]LogStaticLightingSystem: Running Lightmass w/ Mapping debug paddings DISABLED
[2018.01.19-12.37.37:361][690]LogEditorBuildUtils: Build time 0:04
[2018.01.19-12.37.37:370][690]LogMaterial: Missing cached shader map for material FLightmassMaterialRenderer M_Basic_Wall, compiling. 
[2018.01.19-12.37.37:383][690]LogMaterial: Missing cached shader map for material FLightmassMaterialRenderer M_Basic_Wall, compiling. 
[2018.01.19-12.37.43:261][723]Job is a success!
[2018.01.19-12.37.43:312][724]LogSlate: Took 0.000302 seconds to synchronously load lazily loaded font '../../../Engine/Content/Slate/Fonts/Roboto-Light.ttf' (159K)
[2018.01.19-12.37.43:370][724]LogVolumetricLightmapImport: Imported Volumetric Lightmap in 0.014s
[2018.01.19-12.37.43:370][724]LogVolumetricLightmapImport:      Indirection Texture 16x16x16 = 0.0Mb
[2018.01.19-12.37.43:370][724]LogVolumetricLightmapImport:      BrickData 90x5x5 = 0.1Mb
[2018.01.19-12.37.43:370][724]LogVolumetricLightmapImport:      Bricks at Level
[2018.01.19-12.37.43:370][724]LogVolumetricLightmapImport:          0: 5.6% covering 100.0% of volume
[2018.01.19-12.37.43:370][724]LogVolumetricLightmapImport:          1: 11.1% covering 3.1% of volume
[2018.01.19-12.37.43:370][724]LogVolumetricLightmapImport:          2: 83.3% covering 0.4% of volume
[2018.01.19-12.37.43:833][724]LogTexture: Display: Building textures: SkyOcclusion1_1 (AutoDXT, 1024X512)
[2018.01.19-12.37.43:834][724]LogTexture: Display: Building textures: HQ_Lightmap1_1 (AutoDXT, 1024X1024)
[2018.01.19-12.37.43:834][724]LogTexture: Display: Building textures: SkyOcclusion1_2 (AutoDXT, 64X32)
[2018.01.19-12.37.43:834][724]LogTexture: Display: Building textures: HQ_Lightmap1_2 (AutoDXT, 64X64)
[2018.01.19-12.37.43:834][724]LogTexture: Display: Building textures: LQ_Lightmap_1_2 (DXT1, 64X64)
[2018.01.19-12.37.43:834][724]LogTexture: Display: Building textures: LQ_Lightmap_1_1 (DXT1, 1024X1024)
[2018.01.19-12.37.44:033][724]LogTexture: Display: Building textures: ShadowMapTexture2D_1 (G8, 32X32)
[2018.01.19-12.37.44:097][724]LogTexture: Display: Building textures: ShadowMapTexture2D_0 (G8, 1024X512)
[2018.01.19-12.37.44:167][724]Lightmass on DESKTOP-I1JIKRR: 3.53 sec total, 255 ms importing, 27 ms setup, 628 ms photons, 2.58 sec processing, 0 ms extra exporting [33/33 mappings]. Threads: 17.9 sec total, 8.93 sec processing.
[2018.01.19-12.37.44:233][724]LogStaticLightingSystem: Illumination: 11.0 sec (439 ms encoding lightmaps, 244 ms encoding shadowmaps)
[2018.01.19-12.37.44:233][724]LogStaticLightingSystem: Lightmap texture memory:  2.7 MB (2.7 MB streaming, 0.0 MB non-streaming), 4 textures
[2018.01.19-12.37.44:233][724]LogStaticLightingSystem: Shadowmap texture memory: 0.7 MB (0.7 MB streaming, 0.0 MB non-streaming), 2 textures
[2018.01.19-12.37.45:085][724]DumpUnbuiltLightIteractions
[2018.01.19-12.37.45:085][724]Lights with unbuilt interactions: 0
[2018.01.19-12.37.45:085][724]
[2018.01.19-12.37.45:085][724]Primitives with unbuilt interactions: 0
[2018.01.19-12.37.45:098][725]Cmd: MAP CHECK NOTIFYRESULTS
[2018.01.19-12.37.45:099][725]MapCheck: New page: Minimal_Default - Jan 19, 2018, 12:37:45 AM
[2018.01.19-12.37.45:194][725]MapCheck: Map check complete: 0 Error(s), 0 Warning(s), took 95.896ms to complete.
[2018.01.19-12.38.25:393][ 60]SourceControl: Source control is disabled
[2018.01.19-12.38.42:437][247]LogSourceControl: Error: P4ERROR: Invalid connection to server.
[2018.01.19-12.38.42:437][247]LogSourceControl: Error: Connect to server failed; check $P4PORT.
TCP connect to perforce:1666 failed.
No such host is known. 

[2018.01.19-12.38.45:862][608]SourceControl: Source control is disabled
[2018.01.19-12.41.34:648][669]SourceControl: Error: Failed to enable Git source control. You need to install Git and specify a valid path to git executable.
[2018.01.19-12.41.43:355][433]SourceControl: Error: Failed to enable Git source control. You need to install Git and specify a valid path to git executable.
[2018.01.19-12.43.05:639][171]LogSavePackage: Save=321.84ms
[2018.01.19-12.43.05:639][171]LogSavePackage: Moving '../../../../Projects/Stocks/Saved/Minimal_Default_Auto1367B0B9347E620FA27551B9EF9A0C65C.tmp' to '../../../../Projects/Stocks/Saved/Autosaves/Game/StarterContent/Maps/Minimal_Default_Auto1.umap'
[2018.01.19-12.43.05:640][171]LogSavePackage: Display: Finished SavePackage ../../../../Projects/Stocks/Saved/Autosaves/Game/StarterContent/Maps/Minimal_Default_Auto1.umap
[2018.01.19-12.43.05:648][171]LogFileHelpers: Editor autosave (incl. sublevels) for '/Game/StarterContent/Maps/Minimal_Default' took 0.494
[2018.01.19-12.43.05:648][171]LogFileHelpers: Editor autosave (incl. sublevels) for all levels took 0.494
[2018.01.19-12.43.05:650][171]OBJ SavePackage: Generating thumbnails for [0] asset(s) in package [/Game/StarterContent/Maps/Minimal_Default_BuiltData] ([1] browsable assets)...
[2018.01.19-12.43.05:650][171]OBJ SavePackage: Finished generating thumbnails for package [/Game/StarterContent/Maps/Minimal_Default_BuiltData]
[2018.01.19-12.43.05:692][171]LogSavePackage: Save=32.41ms
[2018.01.19-12.43.05:692][171]LogSavePackage: Moving '../../../../Projects/Stocks/Saved/Minimal_Default_BuiltData_Auto191190A6C4C6F0150B9DE56B437F33FD6.tmp' to '../../../../Projects/Stocks/Saved/Autosaves/Game/StarterContent/Maps/Minimal_Default_BuiltData_Auto1.uasset'
[2018.01.19-12.43.05:694][171]LogSavePackage: Display: Finished SavePackage ../../../../Projects/Stocks/Saved/Autosaves/Game/StarterContent/Maps/Minimal_Default_BuiltData_Auto1.uasset
[2018.01.19-12.43.05:694][171]LogFileHelpers: Auto-saving content packages took 0.045
[2018.01.19-12.44.05:469][685]SourceControl: Source control is disabled
[2018.01.19-12.46.38:886][255]LogSlate: Took 0.008258 seconds to synchronously load lazily loaded font '../../../Engine/Content/Editor/Slate/Fonts/Roboto-BoldCondensed.ttf' (158K)
[2018.01.19-12.46.38:942][256]LogMaterial: Missing cached shader map for material Material_0, compiling. 
[2018.01.19-12.46.39:067][259]LogMaterial: Missing cached shader map for material Material_1, compiling. 
