Log file open, 01/17/18 14:18:43
LogWindows: Failed to load 'aqProf.dll' (GetLastError=126)
LogWindows: File 'aqProf.dll' does not exist
LogWindows: Failed to load 'VSPerf140.dll' (GetLastError=126)
LogWindows: File 'VSPerf140.dll' does not exist
LogWindows: Failed to load 'VtuneApi.dll' (GetLastError=126)
LogWindows: File 'VtuneApi.dll' does not exist
LogWindows: Failed to load 'VtuneApi32e.dll' (GetLastError=126)
LogWindows: File 'VtuneApi32e.dll' does not exist
LogInit: Display: Running engine for game: Stocks
LogPlatformFile: Not using cached read wrapper
LogInit: Display: RandInit(2052501644) SRandInit(2052501644).
LogInit: Read version file with build ID '3709383'
LogInit: Overriding engine version to CL 3832480, compatible CL 3709383
LogInit: Registered custom module enumerator with build ID '3709383'
LogTaskGraph: Started task graph with 5 named threads and 14 total threads with 3 sets of task threads.
LogStats: Stats thread started at 0.221854
LogD3D11RHI: Aftermath initialized
LogModuleManager: Display: Found up-to-date module file ../../../Engine/Plugins/2D/Paper2D/Binaries/Win64/UE4Editor-Paper2D.dll (API version 3709383).
LogModuleManager: Display: Found up-to-date module file ../../../Engine/Plugins/2D/Paper2D/Binaries/Win64/UE4Editor-Paper2DEditor.dll (API version 3709383).
LogModuleManager: Display: Found up-to-date module file ../../../Engine/Plugins/2D/Paper2D/Binaries/Win64/UE4Editor-PaperSpriteSheetImporter.dll (API version 3709383).
LogModuleManager: Display: Found up-to-date module file ../../../Engine/Plugins/2D/Paper2D/Binaries/Win64/UE4Editor-PaperTiledImporter.dll (API version 3709383).
LogModuleManager: Display: Found up-to-date module file ../../../Engine/Plugins/2D/Paper2D/Binaries/Win64/UE4Editor-SmartSnapping.dll (API version 3709383).
LogModuleManager: Display: Found up-to-date module file ../../../Engine/Plugins/Blendables/LightPropagationVolume/Binaries/Win64/UE4Editor-LightPropagationVolumeRuntime.dll (API version 3709383).
LogModuleManager: Display: Found up-to-date module file ../../../Engine/Plugins/Blendables/LightPropagationVolume/Binaries/Win64/UE4Editor-LightPropagationVolumeEditor.dll (API version 3709383).
LogModuleManager: Display: Found up-to-date module file ../../../Engine/Plugins/Developer/GitSourceControl/Binaries/Win64/UE4Editor-GitSourceControl.dll (API version 3709383).
LogModuleManager: Display: Found up-to-date module file ../../../Engine/Plugins/Developer/PerforceSourceControl/Binaries/Win64/UE4Editor-PerforceSourceControl.dll (API version 3709383).
LogModuleManager: Display: Found up-to-date module file ../../../Engine/Plugins/Developer/SubversionSourceControl/Binaries/Win64/UE4Editor-SubversionSourceControl.dll (API version 3709383).
LogModuleManager: Display: Found up-to-date module file ../../../Engine/Plugins/Developer/UObjectPlugin/Binaries/Win64/UE4Editor-UObjectPlugin.dll (API version 3709383).
LogModuleManager: Display: Found up-to-date module file ../../../Engine/Plugins/Developer/VisualStudioCodeSourceCodeAccess/Binaries/Win64/UE4Editor-VisualStudioCodeSourceCodeAccess.dll (API version 3709383).
LogModuleManager: Display: Found up-to-date module file ../../../Engine/Plugins/Developer/VisualStudioSourceCodeAccess/Binaries/Win64/UE4Editor-VisualStudioSourceCodeAccess.dll (API version 3709383).
LogModuleManager: Display: Found up-to-date module file ../../../Engine/Plugins/Editor/AssetManagerEditor/Binaries/Win64/UE4Editor-AssetManagerEditor.dll (API version 3709383).
LogModuleManager: Display: Found up-to-date module file ../../../Engine/Plugins/Editor/AudioCapture/Binaries/Win64/UE4Editor-AudioCapture.dll (API version 3709383).
LogModuleManager: Display: Found up-to-date module file ../../../Engine/Plugins/Editor/FacialAnimation/Binaries/Win64/UE4Editor-FacialAnimation.dll (API version 3709383).
LogModuleManager: Display: Found up-to-date module file ../../../Engine/Plugins/Editor/FacialAnimation/Binaries/Win64/UE4Editor-FacialAnimationEditor.dll (API version 3709383).
LogModuleManager: Display: Found up-to-date module file ../../../Engine/Plugins/Editor/GameplayTagsEditor/Binaries/Win64/UE4Editor-GameplayTagsEditor.dll (API version 3709383).
LogModuleManager: Display: Found up-to-date module file ../../../Engine/Plugins/Editor/MobileLauncherProfileWizard/Binaries/Win64/UE4Editor-MobileLauncherProfileWizard.dll (API version 3709383).
LogModuleManager: Display: Found up-to-date module file ../../../Engine/Plugins/Editor/PluginBrowser/Binaries/Win64/UE4Editor-PluginBrowser.dll (API version 3709383).
LogModuleManager: Display: Found up-to-date module file ../../../Engine/Plugins/Editor/SpeedTreeImporter/Binaries/Win64/UE4Editor-SpeedTreeImporter.dll (API version 3709383).
LogModuleManager: Display: Found up-to-date module file ../../../Engine/Plugins/Experimental/AlembicImporter/Binaries/Win64/UE4Editor-AlembicImporter.dll (API version 3709383).
LogModuleManager: Display: Found up-to-date module file ../../../Engine/Plugins/Experimental/AlembicImporter/Binaries/Win64/UE4Editor-AlembicLibrary.dll (API version 3709383).
LogModuleManager: Display: Found up-to-date module file ../../../Engine/Plugins/Experimental/CharacterAI/Binaries/Win64/UE4Editor-CharacterAI.dll (API version 3709383).
LogModuleManager: Display: Found up-to-date module file ../../../Engine/Plugins/Experimental/HTML5Networking/Binaries/Win64/UE4Editor-HTML5Networking.dll (API version 3709383).
LogModuleManager: Display: Found up-to-date module file ../../../Engine/Plugins/Media/AndroidMedia/Binaries/Win64/UE4Editor-AndroidMediaEditor.dll (API version 3709383).
LogModuleManager: Display: Found up-to-date module file ../../../Engine/Plugins/Media/AndroidMedia/Binaries/Win64/UE4Editor-AndroidMediaFactory.dll (API version 3709383).
LogModuleManager: Display: Found up-to-date module file ../../../Engine/Plugins/Media/AvfMedia/Binaries/Win64/UE4Editor-AvfMediaEditor.dll (API version 3709383).
LogModuleManager: Display: Found up-to-date module file ../../../Engine/Plugins/Media/AvfMedia/Binaries/Win64/UE4Editor-AvfMediaFactory.dll (API version 3709383).
LogModuleManager: Display: Found up-to-date module file ../../../Engine/Plugins/Media/AvfMedia/Binaries/Win64/UE4Editor-AvfMediaFactory.dll (API version 3709383).
LogModuleManager: Display: Found up-to-date module file ../../../Engine/Plugins/Media/ImgMedia/Binaries/Win64/UE4Editor-ImgMedia.dll (API version 3709383).
LogModuleManager: Display: Found up-to-date module file ../../../Engine/Plugins/Media/ImgMedia/Binaries/Win64/UE4Editor-ImgMediaEditor.dll (API version 3709383).
LogModuleManager: Display: Found up-to-date module file ../../../Engine/Plugins/Media/ImgMedia/Binaries/Win64/UE4Editor-ImgMediaFactory.dll (API version 3709383).
LogModuleManager: Display: Found up-to-date module file ../../../Engine/Plugins/Media/ImgMedia/Binaries/Win64/UE4Editor-ImgMediaFactory.dll (API version 3709383).
LogModuleManager: Display: Found up-to-date module file ../../../Engine/Plugins/Media/ImgMedia/Binaries/Win64/UE4Editor-OpenExrWrapper.dll (API version 3709383).
LogModuleManager: Display: Found up-to-date module file ../../../Engine/Plugins/Media/MediaCompositing/Binaries/Win64/UE4Editor-MediaCompositing.dll (API version 3709383).
LogModuleManager: Display: Found up-to-date module file ../../../Engine/Plugins/Media/MediaCompositing/Binaries/Win64/UE4Editor-MediaCompositingEditor.dll (API version 3709383).
LogModuleManager: Display: Found up-to-date module file ../../../Engine/Plugins/Media/MediaPlayerEditor/Binaries/Win64/UE4Editor-MediaPlayerEditor.dll (API version 3709383).
LogModuleManager: Display: Found up-to-date module file ../../../Engine/Plugins/Media/WmfMedia/Binaries/Win64/UE4Editor-WmfMedia.dll (API version 3709383).
LogModuleManager: Display: Found up-to-date module file ../../../Engine/Plugins/Media/WmfMedia/Binaries/Win64/UE4Editor-WmfMediaEditor.dll (API version 3709383).
LogModuleManager: Display: Found up-to-date module file ../../../Engine/Plugins/Media/WmfMedia/Binaries/Win64/UE4Editor-WmfMediaFactory.dll (API version 3709383).
LogModuleManager: Display: Found up-to-date module file ../../../Engine/Plugins/Media/WmfMedia/Binaries/Win64/UE4Editor-WmfMediaFactory.dll (API version 3709383).
LogModuleManager: Display: Found up-to-date module file ../../../Engine/Plugins/Messaging/TcpMessaging/Binaries/Win64/UE4Editor-TcpMessaging.dll (API version 3709383).
LogModuleManager: Display: Found up-to-date module file ../../../Engine/Plugins/Messaging/UdpMessaging/Binaries/Win64/UE4Editor-UdpMessaging.dll (API version 3709383).
LogModuleManager: Display: Found up-to-date module file ../../../Engine/Plugins/MovieScene/ActorSequence/Binaries/Win64/UE4Editor-ActorSequence.dll (API version 3709383).
LogModuleManager: Display: Found up-to-date module file ../../../Engine/Plugins/MovieScene/LevelSequenceEditor/Binaries/Win64/UE4Editor-LevelSequenceEditor.dll (API version 3709383).
LogModuleManager: Display: Found up-to-date module file ../../../Engine/Plugins/MovieScene/MatineeToLevelSequence/Binaries/Win64/UE4Editor-MatineeToLevelSequence.dll (API version 3709383).
LogModuleManager: Display: Found up-to-date module file ../../../Engine/Plugins/Online/OnlineSubsystem/Binaries/Win64/UE4Editor-OnlineSubsystem.dll (API version 3709383).
LogModuleManager: Display: Found up-to-date module file ../../../Engine/Plugins/Runtime/AndroidPermission/Binaries/Win64/UE4Editor-AndroidPermission.dll (API version 3709383).
LogModuleManager: Display: Found up-to-date module file ../../../Engine/Plugins/Online/OnlineSubsystemNull/Binaries/Win64/UE4Editor-OnlineSubsystemNull.dll (API version 3709383).
LogModuleManager: Display: Found up-to-date module file ../../../Engine/Plugins/Online/OnlineSubsystemUtils/Binaries/Win64/UE4Editor-OnlineSubsystemUtils.dll (API version 3709383).
LogModuleManager: Display: Found up-to-date module file ../../../Engine/Plugins/Online/OnlineSubsystemUtils/Binaries/Win64/UE4Editor-OnlineBlueprintSupport.dll (API version 3709383).
LogModuleManager: Display: Found up-to-date module file ../../../Engine/Plugins/Runtime/AndroidDeviceProfileSelector/Binaries/Win64/UE4Editor-AndroidDeviceProfileSelector.dll (API version 3709383).
LogModuleManager: Display: Found up-to-date module file ../../../Engine/Plugins/Runtime/AppleARKit/Binaries/Win64/UE4Editor-AppleARKit.dll (API version 3709383).
LogModuleManager: Display: Found up-to-date module file ../../../Engine/Plugins/Runtime/ArchVisCharacter/Binaries/Win64/UE4Editor-ArchVisCharacter.dll (API version 3709383).
LogModuleManager: Display: Found up-to-date module file ../../../Engine/Plugins/Runtime/CableComponent/Binaries/Win64/UE4Editor-CableComponent.dll (API version 3709383).
LogModuleManager: Display: Found up-to-date module file ../../../Engine/Plugins/Runtime/CustomMeshComponent/Binaries/Win64/UE4Editor-CustomMeshComponent.dll (API version 3709383).
LogModuleManager: Display: Found up-to-date module file ../../../Engine/Plugins/Runtime/ExampleDeviceProfileSelector/Binaries/Win64/UE4Editor-ExampleDeviceProfileSelector.dll (API version 3709383).
LogModuleManager: Display: Found up-to-date module file ../../../Engine/Plugins/Runtime/ImmediatePhysics/Binaries/Win64/UE4Editor-ImmediatePhysics.dll (API version 3709383).
LogModuleManager: Display: Found up-to-date module file ../../../Engine/Plugins/Runtime/ImmediatePhysics/Binaries/Win64/UE4Editor-ImmediatePhysicsEditor.dll (API version 3709383).
LogModuleManager: Display: Found up-to-date module file ../../../Engine/Plugins/Runtime/LocationServicesBPLibrary/Binaries/Win64/UE4Editor-LocationServicesBPLibrary.dll (API version 3709383).
LogModuleManager: Display: Found up-to-date module file ../../../Engine/Plugins/Runtime/MobilePatchingUtils/Binaries/Win64/UE4Editor-MobilePatchingUtils.dll (API version 3709383).
LogModuleManager: Display: Found up-to-date module file ../../../Engine/Plugins/Runtime/Oculus/OculusVR/Binaries/Win64/UE4Editor-OculusHMD.dll (API version 3709383).
LogModuleManager: Display: Found up-to-date module file ../../../Engine/Plugins/Runtime/Oculus/OculusVR/Binaries/Win64/UE4Editor-OculusInput.dll (API version 3709383).
LogModuleManager: Display: Found up-to-date module file ../../../Engine/Plugins/Runtime/Oculus/OculusVR/Binaries/Win64/UE4Editor-OculusEditor.dll (API version 3709383).
LogModuleManager: Display: Found up-to-date module file ../../../Engine/Plugins/Runtime/PhysXVehicles/Binaries/Win64/UE4Editor-PhysXVehicles.dll (API version 3709383).
LogModuleManager: Display: Found up-to-date module file ../../../Engine/Plugins/Runtime/PhysXVehicles/Binaries/Win64/UE4Editor-PhysXVehiclesEditor.dll (API version 3709383).
LogModuleManager: Display: Found up-to-date module file ../../../Engine/Plugins/Runtime/ProceduralMeshComponent/Binaries/Win64/UE4Editor-ProceduralMeshComponent.dll (API version 3709383).
LogModuleManager: Display: Found up-to-date module file ../../../Engine/Plugins/Runtime/ProceduralMeshComponent/Binaries/Win64/UE4Editor-ProceduralMeshComponentEditor.dll (API version 3709383).
LogModuleManager: Display: Found up-to-date module file ../../../Engine/Plugins/Runtime/RuntimePhysXCooking/Binaries/Win64/UE4Editor-RuntimePhysXCooking.dll (API version 3709383).
LogModuleManager: Display: Found up-to-date module file ../../../Engine/Plugins/Runtime/Steam/SteamVR/Binaries/Win64/UE4Editor-SteamVR.dll (API version 3709383).
LogModuleManager: Display: Found up-to-date module file ../../../Engine/Plugins/Runtime/Steam/SteamVR/Binaries/Win64/UE4Editor-SteamVRController.dll (API version 3709383).
LogModuleManager: Display: Found up-to-date module file ../../../Engine/Plugins/Runtime/WindowsMoviePlayer/Binaries/Win64/UE4Editor-WindowsMoviePlayer.dll (API version 3709383).
LogPluginManager: Mounting plugin Paper2D
LogPluginManager: Mounting plugin LightPropagationVolume
LogPluginManager: Mounting plugin CodeLiteSourceCodeAccess
LogPluginManager: Mounting plugin GitSourceControl
LogPluginManager: Mounting plugin KDevelopSourceCodeAccess
LogPluginManager: Mounting plugin NullSourceCodeAccess
LogPluginManager: Mounting plugin PerforceSourceControl
LogPluginManager: Mounting plugin SubversionSourceControl
LogPluginManager: Mounting plugin UObjectPlugin
LogPluginManager: Mounting plugin VisualStudioCodeSourceCodeAccess
LogPluginManager: Mounting plugin VisualStudioSourceCodeAccess
LogPluginManager: Mounting plugin XCodeSourceCodeAccess
LogPluginManager: Mounting plugin AssetManagerEditor
LogPluginManager: Mounting plugin AudioCapture
LogPluginManager: Mounting plugin FacialAnimation
LogPluginManager: Mounting plugin GameplayTagsEditor
LogPluginManager: Mounting plugin MobileLauncherProfileWizard
LogPluginManager: Mounting plugin PluginBrowser
LogPluginManager: Mounting plugin SpeedTreeImporter
LogPluginManager: Mounting plugin AlembicImporter
LogPluginManager: Mounting plugin CharacterAI
LogPluginManager: Mounting plugin HTML5Networking
LogPluginManager: Mounting plugin AndroidMedia
LogPluginManager: Mounting plugin AvfMedia
LogPluginManager: Mounting plugin ImgMedia
LogPluginManager: Mounting plugin MediaCompositing
LogPluginManager: Mounting plugin MediaPlayerEditor
LogPluginManager: Mounting plugin WmfMedia
LogPluginManager: Mounting plugin TcpMessaging
LogPluginManager: Mounting plugin UdpMessaging
LogPluginManager: Mounting plugin ActorSequence
LogPluginManager: Mounting plugin LevelSequenceEditor
LogPluginManager: Mounting plugin MatineeToLevelSequence
LogPluginManager: Mounting plugin OnlineSubsystemGooglePlay
LogPluginManager: Mounting plugin OnlineSubsystemIOS
LogPluginManager: Mounting plugin OnlineSubsystem
LogPluginManager: Mounting plugin OnlineSubsystemNull
LogPluginManager: Mounting plugin OnlineSubsystemUtils
LogPluginManager: Mounting plugin AndroidDeviceProfileSelector
LogPluginManager: Mounting plugin AndroidMoviePlayer
LogPluginManager: Mounting plugin AndroidPermission
LogPluginManager: Mounting plugin AppleARKit
LogPluginManager: Mounting plugin AppleMoviePlayer
LogPluginManager: Mounting plugin ArchVisCharacter
LogPluginManager: Mounting plugin CableComponent
LogPluginManager: Mounting plugin CustomMeshComponent
LogPluginManager: Mounting plugin ExampleDeviceProfileSelector
LogPluginManager: Mounting plugin GoogleCloudMessaging
LogPluginManager: Mounting plugin ImmediatePhysics
LogPluginManager: Mounting plugin IOSDeviceProfileSelector
LogPluginManager: Mounting plugin LinuxDeviceProfileSelector
LogPluginManager: Mounting plugin LocationServicesBPLibrary
LogPluginManager: Mounting plugin MobilePatchingUtils
LogPluginManager: Mounting plugin OculusVR
LogPluginManager: Plugin shader directory ../../../Engine/Plugins/Runtime/Oculus/OculusVR/Shaders found
LogPluginManager: Mapping shader source directory ../../../Engine/Plugins/Runtime/Oculus/OculusVR/Shaders to virtual directory /Plugin/OculusVR
LogPluginManager: Mounting plugin PhysXVehicles
LogPluginManager: Mounting plugin ProceduralMeshComponent
LogPluginManager: Mounting plugin RuntimePhysXCooking
LogPluginManager: Mounting plugin SteamVR
LogPluginManager: Mounting plugin WindowsMoviePlayer
LogInit: Using libcurl 7.47.1
LogInit:  - built for x86_64-pc-win32
LogInit:  - supports SSL with OpenSSL/1.0.2g
LogInit:  - supports HTTP deflate (compression) using libz 1.2.8
LogInit:  - other features:
LogInit:      CURL_VERSION_SSL
LogInit:      CURL_VERSION_LIBZ
LogInit:      CURL_VERSION_IPV6
LogInit:      CURL_VERSION_ASYNCHDNS
LogInit:      CURL_VERSION_LARGEFILE
LogInit:      CURL_VERSION_IDN
LogInit:  CurlRequestOptions (configurable via config and command line):
LogInit:  - bVerifyPeer = false  - Libcurl will NOT verify peer certificate
LogInit:  - bUseHttpProxy = false  - Libcurl will NOT use HTTP proxy
LogInit:  - bDontReuseConnections = false  - Libcurl will reuse connections
LogInit:  - CertBundlePath = nullptr  - Libcurl will use whatever was configured at build time.
LogInit: Build: ++UE4+Release-4.18-CL-3832480
LogInit: Engine Version: 4.18.3-3832480+++UE4+Release-4.18
LogInit: Compatible Engine Version: 4.18.0-3709383+++UE4+Release-4.18
LogInit: Net CL: 3709383
LogDevObjectVersion: Number of dev versions registered: 16
LogDevObjectVersion:   Dev-Blueprints (B0D832E4-1F89-4F0D-ACCF-7EB736FD4AA2): 10
LogDevObjectVersion:   Dev-Build (E1C64328-A22C-4D53-A36C-8E866417BD8C): 0
LogDevObjectVersion:   Dev-Core (375EC13C-06E4-48FB-B500-84F0262A717E): 2
LogDevObjectVersion:   Dev-Editor (E4B068ED-F494-42E9-A231-DA0B2E46BB41): 20
LogDevObjectVersion:   Dev-Framework (CFFC743F-43B0-4480-9391-14DF171D2073): 30
LogDevObjectVersion:   Dev-Mobile (B02B49B5-BB20-44E9-A304-32B752E40360): 0
LogDevObjectVersion:   Dev-Networking (A4E4105C-59A1-49B5-A7C5-40C4547EDFEE): 0
LogDevObjectVersion:   Dev-Online (39C831C9-5AE6-47DC-9A44-9C173E1C8E7C): 0
LogDevObjectVersion:   Dev-Physics (78F01B33-EBEA-4F98-B9B4-84EACCB95AA2): 0
LogDevObjectVersion:   Dev-Platform (6631380F-2D4D-43E0-8009-CF276956A95A): 0
LogDevObjectVersion:   Dev-Rendering (12F88B9F-8875-4AFC-A67C-D90C383ABD29): 20
LogDevObjectVersion:   Dev-Sequencer (7B5AE74C-D270-4C10-A958-57980B212A5A): 4
LogDevObjectVersion:   Dev-VR (D7296918-1DD6-4BDD-9DE2-64A83CC13884): 0
LogDevObjectVersion:   Dev-LoadTimes (C2A15278-BFE7-4AFE-6C17-90FF531DF755): 1
LogDevObjectVersion:   Private-Geometry (6EACA3D4-40EC-4CC1-B786-8BED09428FC5): 1
LogDevObjectVersion:   Dev-AnimPhys (29E575DD-E0A3-4627-9D10-D276232CDCEA): 12
LogInit: Compiled (64-bit): Jan 12 2018 02:04:55
LogInit: Compiled with Visual C++: 19.00.24215.01
LogInit: Build Configuration: Development
LogInit: Branch Name: ++UE4+Release-4.18
LogInit: Command line:  
LogInit: Base directory: F:/UE_4.18/Engine/Binaries/Win64/
LogInit: Installed Engine Build: 1
LogInit: Presizing for max 8388607 objects, including 0 objects not considered by GC, pre-allocating 0 bytes for permanent pool.
LogInit: Object subsystem initialized
[2018.01.17-20.18.45:516][  0]LogInit: Selected Device Profile: [Windows]
[2018.01.17-20.18.45:516][  0]LogInit: Applying CVar settings loaded from the selected device profile: [Windows]
[2018.01.17-20.18.45:537][  0]LogInit: Computer: DESKTOP-I1JIKRR
[2018.01.17-20.18.45:537][  0]LogInit: User: ChristopherWhite
[2018.01.17-20.18.45:537][  0]LogInit: CPU Page size=4096, Cores=4
[2018.01.17-20.18.45:537][  0]LogInit: High frequency timer resolution =3.527474 MHz
[2018.01.17-20.18.45:538][  0]LogMemory: Memory total: Physical=23.9GB (24GB approx)
[2018.01.17-20.18.45:538][  0]LogMemory: Platform Memory Stats for Windows
[2018.01.17-20.18.45:538][  0]LogMemory: Process Physical Memory: 274.84 MB used, 274.84 MB peak
[2018.01.17-20.18.45:538][  0]LogMemory: Process Virtual Memory: 271.92 MB used, 271.92 MB peak
[2018.01.17-20.18.45:538][  0]LogMemory: Physical Memory: 8951.84 MB used,  15569.50 MB free, 24521.34 MB total
[2018.01.17-20.18.45:538][  0]LogMemory: Virtual Memory: 679.97 MB used,  15569.50 MB free, 134217728.00 MB total
[2018.01.17-20.18.45:786][  0]LogInit: Using OS detected language (en-US).
[2018.01.17-20.18.45:786][  0]LogInit: Using OS detected locale (en-US).
[2018.01.17-20.18.45:791][  0]LogTextLocalizationManager: No specific localization for 'en-US' exists, so the 'en' localization will be used.
[2018.01.17-20.18.46:490][  0]LogInit: Setting process to per monitor DPI aware
[2018.01.17-20.18.47:007][  0]LogD3D11RHI: D3D11 adapters:
[2018.01.17-20.18.47:056][  0]LogD3D11RHI:    0. 'AMD Radeon (TM) R9 380 Series' (Feature Level 11_0)
[2018.01.17-20.18.47:056][  0]LogD3D11RHI:       2023/0/12260 MB DedicatedVideo/DedicatedSystem/SharedSystem, Outputs:1, VendorId:0x1002
[2018.01.17-20.18.47:059][  0]LogD3D11RHI:    1. 'Microsoft Basic Render Driver' (Feature Level 11_0)
[2018.01.17-20.18.47:059][  0]LogD3D11RHI:       0/0/12260 MB DedicatedVideo/DedicatedSystem/SharedSystem, Outputs:0, VendorId:0x1414
[2018.01.17-20.18.47:059][  0]LogD3D11RHI: Chosen D3D11 Adapter: 0
[2018.01.17-20.18.47:075][  0]LogD3D11RHI: Creating new Direct3DDevice
[2018.01.17-20.18.47:076][  0]LogD3D11RHI:     GPU DeviceId: 0x6939 (for the marketing name, search the web for "GPU Device Id")
[2018.01.17-20.18.47:076][  0]LogWindows: EnumDisplayDevices:
[2018.01.17-20.18.47:076][  0]LogWindows:    0. 'AMD Radeon (TM) R9 380 Series' (P:1 D:1)
[2018.01.17-20.18.47:076][  0]LogWindows:    1. 'AMD Radeon (TM) R9 380 Series' (P:0 D:0)
[2018.01.17-20.18.47:076][  0]LogWindows:    2. 'AMD Radeon (TM) R9 380 Series' (P:0 D:0)
[2018.01.17-20.18.47:077][  0]LogWindows:    3. 'AMD Radeon (TM) R9 380 Series' (P:0 D:0)
[2018.01.17-20.18.47:077][  0]LogWindows:    4. 'AMD Radeon (TM) R9 380 Series' (P:0 D:0)
[2018.01.17-20.18.47:077][  0]LogWindows:    5. 'AMD Radeon (TM) R9 380 Series' (P:0 D:0)
[2018.01.17-20.18.47:078][  0]LogWindows:    6. 'AMD Radeon (TM) R9 380 Series' (P:0 D:0)
[2018.01.17-20.18.47:078][  0]LogWindows:    7. 'AMD Radeon (TM) R9 380 Series' (P:0 D:0)
[2018.01.17-20.18.47:078][  0]LogWindows:    8. 'AMD Radeon (TM) R9 380 Series' (P:0 D:0)
[2018.01.17-20.18.47:079][  0]LogWindows:    9. 'AMD Radeon (TM) R9 380 Series' (P:0 D:0)
[2018.01.17-20.18.47:079][  0]LogWindows:    10. 'AMD Radeon (TM) R9 380 Series' (P:0 D:0)
[2018.01.17-20.18.47:080][  0]LogWindows:    11. 'AMD Radeon (TM) R9 380 Series' (P:0 D:0)
[2018.01.17-20.18.47:080][  0]LogWindows:    12. 'AMD Radeon (TM) R9 380 Series' (P:0 D:0)
[2018.01.17-20.18.47:080][  0]LogWindows:    13. 'AMD Radeon (TM) R9 380 Series' (P:0 D:0)
[2018.01.17-20.18.47:080][  0]LogWindows:    14. 'AMD Radeon (TM) R9 380 Series' (P:0 D:0)
[2018.01.17-20.18.47:081][  0]LogWindows:    15. 'AMD Radeon (TM) R9 380 Series' (P:0 D:0)
[2018.01.17-20.18.47:081][  0]LogWindows: DebugString: GetVideoDriverDetailsInvalid PrimaryIsNotTheChoosenAdapter GetVideoDriverDetailsInvalid PrimaryIsNotTheChoosenAdapter GetVideoDriverDetailsInvalid PrimaryIsNotTheChoosenAdapter GetVideoDriverDetailsInvalid PrimaryIsNotTheChoosenAdapter GetVideoDriverDetailsInvalid PrimaryIsNotTheChoosenAdapter GetVideoDriverDetailsInvalid PrimaryIsNotTheChoosenAdapter GetVideoDriverDetailsInvalid PrimaryIsNotTheChoosenAdapter GetVideoDriverDetailsInvalid PrimaryIsNotTheChoosenAdapter GetVideoDriverDetailsInvalid PrimaryIsNotTheChoosenAdapter GetVideoDriverDetailsInvalid PrimaryIsNotTheChoosenAdapter GetVideoDriverDetailsInvalid PrimaryIsNotTheChoosenAdapter GetVideoDriverDetailsInvalid PrimaryIsNotTheChoosenAdapter GetVideoDriverDetailsInvalid PrimaryIsNotTheChoosenAdapter GetVideoDriverDetailsInvalid PrimaryIsNotTheChoosenAdapter GetVideoDriverDetailsInvalid PrimaryIsNotTheChoosenAdapter GetVideoDriverDetailsInvalid PrimaryIsNotTheChoosenAdapter FoundDriverCount:0 
[2018.01.17-20.18.47:081][  0]LogD3D11RHI:     Adapter Name: AMD Radeon (TM) R9 380 Series
[2018.01.17-20.18.47:081][  0]LogD3D11RHI:   Driver Version: Unknown (internal:Unknown, unified:Unknown)
[2018.01.17-20.18.47:081][  0]LogD3D11RHI:      Driver Date: Unknown
[2018.01.17-20.18.47:081][  0]LogRHI: Texture pool is 1416 MB (70% of 2023 MB)
[2018.01.17-20.18.47:228][  0]LogD3D11RHI: Async texture creation enabled
[2018.01.17-20.18.47:243][  0]LogD3D11RHI: GPU Timing Frequency: 27.000000 (Debug: 2 1)
[2018.01.17-20.18.47:246][  0]LogShaderCompilers: Guid format shader working directory is 31 characters bigger than the processId version (../../../../Projects/Stocks/Intermediate/Shaders/WorkingDirectory/6936/).
[2018.01.17-20.18.47:246][  0]LogShaderCompilers: Cleaned the shader compiler working directory 'C:/Users/Christopher White/AppData/Local/Temp/UnrealShaderWorkingDir/C1D505A84DE55D146CF746A77A354941/'.
[2018.01.17-20.18.47:246][  0]LogShaderCompilers: Display: Using Local Shader Compiler.
[2018.01.17-20.18.49:260][  0]LogTemp: Display: Loaded TP AllDesktopTargetPlatform
[2018.01.17-20.18.49:350][  0]LogTemp: Display: Loaded TP MacClientTargetPlatform
[2018.01.17-20.18.49:447][  0]LogTemp: Display: Loaded TP MacNoEditorTargetPlatform
[2018.01.17-20.18.49:534][  0]LogTemp: Display: Loaded TP MacServerTargetPlatform
[2018.01.17-20.18.49:624][  0]LogTemp: Display: Loaded TP MacTargetPlatform
[2018.01.17-20.18.49:715][  0]LogTemp: Display: Loaded TP WindowsClientTargetPlatform
[2018.01.17-20.18.49:803][  0]LogTemp: Display: Loaded TP WindowsNoEditorTargetPlatform
[2018.01.17-20.18.49:887][  0]LogTemp: Display: Loaded TP WindowsServerTargetPlatform
[2018.01.17-20.18.49:976][  0]LogTemp: Display: Loaded TP WindowsTargetPlatform
[2018.01.17-20.18.50:064][  0]LogTemp: Display: Loaded TP Android_ASTCTargetPlatform
[2018.01.17-20.18.50:147][  0]LogTemp: Display: Loaded TP Android_ATCTargetPlatform
[2018.01.17-20.18.50:232][  0]LogTemp: Display: Loaded TP Android_DXTTargetPlatform
[2018.01.17-20.18.50:316][  0]LogTemp: Display: Loaded TP Android_ETC1TargetPlatform
[2018.01.17-20.18.50:401][  0]LogTemp: Display: Loaded TP Android_ETC2TargetPlatform
[2018.01.17-20.18.50:566][  0]LogTemp: Display: Loaded TP Android_MultiTargetPlatform
[2018.01.17-20.18.50:566][  0]LogTemp: Display: Loaded TP Android_PVRTCTargetPlatform
[2018.01.17-20.18.50:650][  0]LogTemp: Display: Loaded TP AndroidTargetPlatform
[2018.01.17-20.18.50:713][  0]LogTemp: Display: Loaded TP HTML5TargetPlatform
[2018.01.17-20.18.50:845][  0]LogTemp: Display: Loaded TP IOSTargetPlatform
[2018.01.17-20.18.50:890][  0]LogTemp: Display: Loaded TP TVOSTargetPlatform
[2018.01.17-20.18.50:971][  0]LogTemp: Display: Loaded TP LinuxClientTargetPlatform
[2018.01.17-20.18.51:054][  0]LogTemp: Display: Loaded TP LinuxNoEditorTargetPlatform
[2018.01.17-20.18.51:140][  0]LogTemp: Display: Loaded TP LinuxServerTargetPlatform
[2018.01.17-20.18.51:223][  0]LogTemp: Display: Loaded TP LinuxTargetPlatform
[2018.01.17-20.18.51:223][  0]LogTargetPlatformManager: Display: Building Assets For Windows
[2018.01.17-20.18.51:951][  0]LogDerivedDataCache: Display: Max Cache Size: 512 MB
[2018.01.17-20.18.52:132][  0]LogDerivedDataCache: Loaded boot cache 0.18s 78MB C:/Users/Christopher White/AppData/Local/UnrealEngine/4.18/DerivedDataCache/Boot.ddc.
[2018.01.17-20.18.52:132][  0]LogDerivedDataCache: Display: Loaded Boot cache: C:/Users/Christopher White/AppData/Local/UnrealEngine/4.18/DerivedDataCache/Boot.ddc
[2018.01.17-20.18.52:133][  0]LogDerivedDataCache: FDerivedDataBackendGraph:  Pak pak cache file ../../../../Projects/Stocks/DerivedDataCache/DDC.ddp not found, will not use a pak cache.
[2018.01.17-20.18.52:133][  0]LogDerivedDataCache: Unable to find inner node Pak for hierarchical cache Hierarchy.
[2018.01.17-20.18.52:133][  0]LogDerivedDataCache: FDerivedDataBackendGraph:  CompressedPak pak cache file ../../../../Projects/Stocks/DerivedDataCache/Compressed.ddp not found, will not use a pak cache.
[2018.01.17-20.18.52:133][  0]LogDerivedDataCache: Unable to find inner node CompressedPak for hierarchical cache Hierarchy.
[2018.01.17-20.18.52:159][  0]LogDerivedDataCache: Display: Pak cache opened for reading ../../../Engine/DerivedDataCache/Compressed.ddp.
[2018.01.17-20.18.52:172][  0]LogDerivedDataCache: Using Local data cache path C:/Users/Christopher White/AppData/Local/UnrealEngine/Common/DerivedDataCache: Writable
[2018.01.17-20.18.52:193][  0]LogMaterial: Verifying Global Shaders for PCD3D_SM5
[2018.01.17-20.18.52:194][  0]LogSlate: Using Freetype 2.6.0
[2018.01.17-20.18.52:195][  0]LogSlate: SlateFontCache - WITH_FREETYPE: 1, WITH_HARFBUZZ: 1
[2018.01.17-20.18.52:195][  0]LogSlate: SlateFontCache - WITH_FREETYPE: 1, WITH_HARFBUZZ: 1
[2018.01.17-20.18.52:882][  0]LogInit: Selected Device Profile: [Windows]
[2018.01.17-20.18.53:409][  0]LogSimplygon: Simplygon DLL not present - disabling.
[2018.01.17-20.18.53:472][  0]LogMeshReduction: Using SimplygonSwarm for distributed automatic mesh merging
[2018.01.17-20.18.53:472][  0]LogMeshReduction: Using QuadricMeshReduction for automatic static mesh reduction
[2018.01.17-20.18.53:472][  0]LogMeshReduction: No automatic skeletal mesh reduction module available
[2018.01.17-20.18.53:472][  0]LogMeshReduction: No automatic mesh merging module available
[2018.01.17-20.18.53:472][  0]LogMeshMerging: No automatic mesh merging module available
[2018.01.17-20.18.53:521][  0]LogNetVersion: Stocks , NetCL: 3709383, EngineNetVer: 2, GameNetVer: 0 (Checksum: 4114277839)
[2018.01.17-20.18.53:751][  0]LogAssetRegistry: FAssetRegistry took 0.0306 seconds to start up
[2018.01.17-20.18.54:462][  0]LogPackageLocalizationCache: Processed 7 localized package path(s) for 2 prioritized culture(s) in 0.073237 seconds
[2018.01.17-20.18.54:471][  0]LogUObjectArray: 35870 objects as part of root set at end of initial load.
[2018.01.17-20.18.54:471][  0]LogUObjectAllocator: 7363696 out of 0 bytes used by permanent object pool.
[2018.01.17-20.18.54:471][  0]LogUObjectArray: CloseDisregardForGC: 0/0 objects in disregard for GC pool
[2018.01.17-20.18.54:545][  0]LogInit: WinSock: version 1.1 (2.2), MaxSocks=32767, MaxUdp=65467
[2018.01.17-20.18.58:542][  0]LogTcpMessaging: Initializing TcpMessaging bridge
[2018.01.17-20.18.58:602][  0]LogUdpMessaging: Initializing bridge on interface 0.0.0.0:0 to multicast group 230.0.0.1:6666.
[2018.01.17-20.18.59:581][  0]LogMaterial: Uniform references updated for custom material expression Custom.
[2018.01.17-20.19.00:213][  0]SourceControl: Source control is disabled
[2018.01.17-20.19.00:213][  0]SourceControl: Source control is disabled
[2018.01.17-20.19.00:293][  0]SourceControl: Source control is disabled
[2018.01.17-20.19.00:372][  0]SourceControl: Source control is disabled
[2018.01.17-20.19.01:578][  0]LogAndroidPermission: UAndroidPermissionCallbackProxy::GetInstance
[2018.01.17-20.19.01:988][  0]LogOcInput: OculusInput pre-init called
[2018.01.17-20.19.02:433][  0]LogEngine: Initializing Engine...
[2018.01.17-20.19.03:694][  0]LogHMD: SteamVR initialized.  Driver: lighthouse  Display: LHR-72CE36DB
[2018.01.17-20.19.04:033][  0]LogStats: UGameplayTagsManager::ConstructGameplayTagTree: Construct from data asset -  0.000 s
[2018.01.17-20.19.04:033][  0]LogStats: UGameplayTagsManager::ConstructGameplayTagTree: GameplayTagTreeChangedEvent.Broadcast -  0.000 s
[2018.01.17-20.19.04:230][  0]LogAIModule: Creating AISystem for world Untitled
[2018.01.17-20.19.04:267][  0]LogInit: XAudio2 using 'Speakers (High Definition Audio Device)' : 2 channels at 48 kHz using 16 bits per sample (channel mask 0x3)
[2018.01.17-20.19.04:290][  0]LogInit: FAudioDevice initialized.
[2018.01.17-20.19.04:506][  0]LogDerivedDataCache: Saved boot cache 0.22s 78MB C:/Users/Christopher White/AppData/Local/UnrealEngine/4.18/DerivedDataCache/Boot.ddc.
[2018.01.17-20.19.04:539][  0]LogInit: Texture streaming: Enabled
[2018.01.17-20.19.04:687][  0]LogEngineSessionManager: EngineSessionManager initialized
[2018.01.17-20.19.04:880][  0]LogInit: Transaction tracking system initialized
[2018.01.17-20.19.05:353][  0]BlueprintLog: New page: Editor Load
[2018.01.17-20.19.06:684][  0]LocalizationService: Localization service is disabled
[2018.01.17-20.19.07:769][  0]LogConsoleResponse: Display: 
[2018.01.17-20.19.08:005][  0]LogCook: Display: Max memory allowance for cook 16384mb min free memory 0mb
[2018.01.17-20.19.08:005][  0]LogCook: Display: Mobile HDR setting 1
[2018.01.17-20.19.08:005][  0]LogGameplayTags: Display: UGameplayTagsManager::DoneAddingNativeTags. DelegateIsBound: 0
[2018.01.17-20.19.08:494][  0]LogFileCache: Scanning file cache for directory 'F:/Projects/Stocks/Content/' took 0.01s
[2018.01.17-20.19.09:763][  0]SourceControl: Source control is disabled
[2018.01.17-20.19.09:763][  0]Cmd: MAP LOAD FILE="../../../../Projects/Stocks/Content/StarterContent/Maps/Minimal_Default.umap" TEMPLATE=0 SHOWPROGRESS=1 FEATURELEVEL=3
[2018.01.17-20.19.09:764][  0]LightingResults: New page: Lighting Build
[2018.01.17-20.19.09:825][  0]MapCheck: New page: Map Check
[2018.01.17-20.19.09:825][  0]LightingResults: New page: Lighting Build
[2018.01.17-20.19.10:375][  0]LogAIModule: Creating AISystem for world Minimal_Default
[2018.01.17-20.19.10:384][  0]LogEditorServer: Finished looking for orphan Actors (0.000 secs)
[2018.01.17-20.19.10:429][  0]Cmd: MAP CHECKDEP NOCLEARLOG
[2018.01.17-20.19.10:500][  0]MapCheck: Map check complete: 0 Error(s), 0 Warning(s), took 71.072ms to complete.
[2018.01.17-20.19.10:500][  0]LogFileHelpers: Loading map 'Minimal_Default' took 0.737
[2018.01.17-20.19.10:714][  0]LogCollectionManager: Loaded 0 collections in 0.001574 seconds
[2018.01.17-20.19.10:819][  0]LogFileCache: Scanning file cache for directory 'F:/Projects/Stocks/Saved/Collections/' took 0.01s
[2018.01.17-20.19.10:819][  0]LogFileCache: Scanning file cache for directory 'F:/Projects/Stocks/Content/Developers/ChristopherWhite/Collections/' took 0.01s
[2018.01.17-20.19.10:819][  0]LogFileCache: Scanning file cache for directory 'F:/Projects/Stocks/Content/Collections/' took 0.01s
[2018.01.17-20.19.10:819][  0]LogCollectionManager: Rebuilt the GUID cache for 0 collections in 0.000001 seconds
[2018.01.17-20.19.10:837][  0]LogContentBrowser: Native class hierarchy populated in 0.0172 seconds. Added 2363 classes and 519 folders.
[2018.01.17-20.19.10:932][  0]LogContentBrowser: Native class hierarchy updated for 'WidgetCarousel' in 0.0003 seconds. Added 0 classes and 0 folders.
[2018.01.17-20.19.10:940][  0]LogContentBrowser: Native class hierarchy updated for 'AddContentDialog' in 0.0003 seconds. Added 0 classes and 0 folders.
[2018.01.17-20.19.11:004][  0]LogContentBrowser: Native class hierarchy updated for 'SceneOutliner' in 0.0003 seconds. Added 1 classes and 2 folders.
[2018.01.17-20.19.11:031][  0]LogSlate: Took 0.000382 seconds to synchronously load lazily loaded font '../../../Engine/Content/Slate/Fonts/Roboto-Regular.ttf' (155K)
[2018.01.17-20.19.11:033][  0]LogSlate: Took 0.000347 seconds to synchronously load lazily loaded font '../../../Engine/Content/Slate/Fonts/Roboto-Bold.ttf' (160K)
[2018.01.17-20.19.11:042][  0]LogSlate: Took 0.000261 seconds to synchronously load lazily loaded font '../../../Engine/Content/Editor/Slate/Fonts/FontAwesome.ttf' (139K)
[2018.01.17-20.19.11:233][  0]LogRenderer: Reallocating scene render targets to support 1208x576 Format 10 NumSamples 1 (Frame:1).
[2018.01.17-20.19.11:480][  0]LogContentBrowser: Native class hierarchy updated for 'HierarchicalLODOutliner' in 0.0003 seconds. Added 1 classes and 2 folders.
[2018.01.17-20.19.11:480][  0]LogLoad: (Engine Initialization) Total time: 29.34 seconds
[2018.01.17-20.19.11:480][  0]LogLoad: (Engine Initialization) Total Blueprint compile time: 0.00 seconds
[2018.01.17-20.19.11:480][  0]LogExternalProfiler: No external profilers were discovered.  External profiling features will not be available.
[2018.01.17-20.19.11:842][  0]LogContentStreaming: Texture pool size now 1000 MB
[2018.01.17-20.19.11:896][  0]LogSlate: Took 0.000436 seconds to synchronously load lazily loaded font '../../../Engine/Content/Slate/Fonts/Roboto-Light.ttf' (159K)
[2018.01.17-20.19.12:171][  1]LogAssetRegistry: Asset discovery search completed in 18.4428 seconds
[2018.01.17-20.19.12:173][  1]LogCollectionManager: Rebuilt the object cache for 0 collections in 0.000000 seconds (found 0 objects)
[2018.01.17-20.19.12:174][  1]LogCollectionManager: Fixed up redirectors for 0 collections in 0.000103 seconds (updated 0 objects)
[2018.01.17-20.25.14:836][ 37]LogEditorViewport: Clicking on Actor (LMB): SkyLight (SkyLight)
[2018.01.17-20.25.16:441][169]LogEditorViewport: Clicking on Actor (LMB): SphereReflectionCapture (SphereReflectionCapture)
[2018.01.17-20.25.18:561][356]LogEditorViewport: Clicking on Actor (CTRL LMB): SkyLight (SkyLight)
[2018.01.17-20.25.19:542][457]LogEditorViewport: Clicking on Actor (LMB): SphereReflectionCapture (SphereReflectionCapture10)
[2018.01.17-20.25.55:710][ 69]LogEditorActor: Deleted Actor: StaticMeshActor
[2018.01.17-20.25.55:710][ 69]LogEditorActor: Deleted Actor: StaticMeshActor
[2018.01.17-20.25.55:710][ 69]LogEditorActor: Deleted Actor: StaticMeshActor
[2018.01.17-20.25.55:710][ 69]LogEditorActor: Deleted Actor: StaticMeshActor
[2018.01.17-20.25.55:754][ 69]LogEditorActor: Deleted 4 Actors (0.048 secs)
[2018.01.17-20.26.00:413][601]LogEditorViewport: Clicking on Actor (LMB): StaticMeshActor (Floor)
[2018.01.17-20.26.03:076][798]LogEditorViewport: Clicking on Actor (CTRL LMB): StaticMeshActor (Floor)
[2018.01.17-20.26.04:375][916]Cmd: EDIT COPY
[2018.01.17-20.26.04:990][976]Cmd: EDIT PASTE
[2018.01.17-20.26.09:820][342]Cmd: TRANSACTION UNDO
[2018.01.17-20.26.09:820][342]LogEditorTransaction: Undo Move Actors
[2018.01.17-20.26.09:844][342]LogSlate: Took 0.000282 seconds to synchronously load lazily loaded font '../../../Engine/Content/Slate/Fonts/Roboto-Light.ttf' (159K)
[2018.01.17-20.26.17:284][  6]LogEditorViewport: Clicking on Actor (CTRL LMB): StaticMeshActor (Floor)
[2018.01.17-20.26.17:610][ 28]LogEditorViewport: Clicking on Actor (CTRL LMB): StaticMeshActor (Floor)
[2018.01.17-20.26.18:533][106]Cmd: EDIT COPY
[2018.01.17-20.26.18:705][120]Cmd: EDIT PASTE
[2018.01.17-20.26.24:996][657]Cmd: ACTOR SELECT ALL
[2018.01.17-20.26.25:807][731]LogEditorViewport: Clicking on Actor (LMB): StaticMeshActor (Floor2)
[2018.01.17-20.26.26:258][765]LogEditorViewport: Clicking on Actor (CTRL LMB): StaticMeshActor (Floor3)
[2018.01.17-20.26.26:590][787]LogEditorViewport: Clicking on Actor (CTRL LMB): StaticMeshActor (Floor)
[2018.01.17-20.26.26:937][811]LogEditorViewport: Clicking on Actor (CTRL LMB): StaticMeshActor (Floor)
[2018.01.17-20.26.27:373][842]LogEditorViewport: Clicking on Actor (CTRL LMB): StaticMeshActor (Floor7)
[2018.01.17-20.26.27:837][877]LogEditorViewport: Clicking on Actor (CTRL LMB): StaticMeshActor (Floor6)
[2018.01.17-20.26.28:365][916]LogEditorViewport: Clicking on Actor (CTRL LMB): StaticMeshActor (Floor5)
[2018.01.17-20.26.28:692][937]LogEditorViewport: Clicking on Actor (CTRL LMB): StaticMeshActor (Floor4)
[2018.01.17-20.26.29:214][976]Cmd: EDIT COPY
[2018.01.17-20.26.29:506][  0]Cmd: EDIT PASTE
[2018.01.17-20.26.35:755][541]LogEditorViewport: Clicking on Actor (CTRL LMB): StaticMeshActor (Floor3)
[2018.01.17-20.26.36:024][556]LogEditorViewport: Clicking on Actor (CTRL LMB): StaticMeshActor (Floor2)
[2018.01.17-20.26.36:450][586]LogEditorViewport: Clicking on Actor (CTRL LMB): StaticMeshActor (Floor)
[2018.01.17-20.26.36:702][600]LogEditorViewport: Clicking on Actor (CTRL LMB): StaticMeshActor (Floor)
[2018.01.17-20.26.37:123][629]LogEditorViewport: Clicking on Actor (CTRL LMB): StaticMeshActor (Floor7)
[2018.01.17-20.26.37:375][643]LogEditorViewport: Clicking on Actor (CTRL LMB): StaticMeshActor (Floor6)
[2018.01.17-20.26.37:949][685]LogEditorViewport: Clicking on Actor (CTRL LMB): StaticMeshActor (Floor5)
[2018.01.17-20.26.38:179][697]LogEditorViewport: Clicking on Actor (CTRL LMB): StaticMeshActor (Floor4)
[2018.01.17-20.26.38:641][730]Cmd: EDIT COPY
[2018.01.17-20.26.38:849][746]Cmd: EDIT PASTE
[2018.01.17-20.26.51:693][799]MapCheck: New page: Map Check
[2018.01.17-20.26.51:722][799]LightingResults: New page: Lighting Build - Jan 17, 2018, 8:26:51 AM
[2018.01.17-20.26.51:786][799]LogSwarmInterface: [OpenConnection] Registering TCP channel ...
[2018.01.17-20.26.51:960][799]LogSwarmInterface: [OpenConnection] Connecting to agent ...
[2018.01.17-20.26.51:981][799]LogSwarmInterface: [TryOpenConnection] Testing the Agent
[2018.01.17-20.26.53:020][799]LogSwarmInterface: [TryOpenConnection] Opening Connection to Agent
[2018.01.17-20.26.53:020][799]LogSwarmInterface: [TryOpenConnection] Local Process ID is 6936
[2018.01.17-20.27.35:250][799]LogStaticLightingSystem: Warning: No importance volume found, so the scene bounding box was used.  You can optimize your scene's quality and lighting build times by adding importance volumes.
[2018.01.17-20.27.35:250][799]LogStaticLightingSystem: Running Lightmass w/ ImmediateImport mode ENABLED
[2018.01.17-20.27.35:250][799]LogStaticLightingSystem: Running Lightmass w/ ImmediateProcess mode ENABLED
[2018.01.17-20.27.35:250][799]LogStaticLightingSystem: Running Lightmass w/ Sorting mode ENABLED
[2018.01.17-20.27.35:250][799]LogStaticLightingSystem: Running Lightmass w/ Mapping paddings ENABLED
[2018.01.17-20.27.35:250][799]LogStaticLightingSystem: Running Lightmass w/ Mapping debug paddings DISABLED
[2018.01.17-20.27.35:579][799]LogEditorBuildUtils: Build time 0:43
[2018.01.17-20.27.35:589][799]LogMaterial: Missing cached shader map for material FLightmassMaterialRenderer M_Metal_Brushed_Nickel, compiling. 
[2018.01.17-20.27.35:603][799]LogMaterial: Missing cached shader map for material FLightmassMaterialRenderer M_Metal_Brushed_Nickel, compiling. 
[2018.01.17-20.27.35:635][800]LogMaterial: Missing cached shader map for material FLightmassMaterialRenderer M_Metal_Copper, compiling. 
[2018.01.17-20.27.35:646][800]LogMaterial: Missing cached shader map for material FLightmassMaterialRenderer M_Metal_Copper, compiling. 
[2018.01.17-20.27.35:730][801]LogMaterial: Missing cached shader map for material FLightmassMaterialRenderer MaterialInstanceDynamic_0, compiling. 
[2018.01.17-20.27.35:744][801]LogMaterial: Missing cached shader map for material FLightmassMaterialRenderer MaterialInstanceDynamic_0, compiling. 
[2018.01.17-20.27.35:793][802]LogMaterial: Missing cached shader map for material FLightmassMaterialRenderer WorldGridMaterial, compiling. Is special engine material.
[2018.01.17-20.27.35:804][802]LogMaterial: Missing cached shader map for material FLightmassMaterialRenderer WorldGridMaterial, compiling. Is special engine material.
[2018.01.17-20.27.42:858][824]Job is a success!
[2018.01.17-20.27.43:543][825]LogSlate: Took 0.000335 seconds to synchronously load lazily loaded font '../../../Engine/Content/Slate/Fonts/Roboto-Light.ttf' (159K)
[2018.01.17-20.27.43:608][825]LogVolumetricLightmapImport: Imported Volumetric Lightmap in 0.015s
[2018.01.17-20.27.43:608][825]LogVolumetricLightmapImport:      Indirection Texture 16x16x16 = 0.0Mb
[2018.01.17-20.27.43:608][825]LogVolumetricLightmapImport:      BrickData 90x5x5 = 0.1Mb
[2018.01.17-20.27.43:608][825]LogVolumetricLightmapImport:      Bricks at Level
[2018.01.17-20.27.43:608][825]LogVolumetricLightmapImport:          0: 5.6% covering 100.0% of volume
[2018.01.17-20.27.43:608][825]LogVolumetricLightmapImport:          1: 11.1% covering 3.1% of volume
[2018.01.17-20.27.43:608][825]LogVolumetricLightmapImport:          2: 83.3% covering 0.4% of volume
[2018.01.17-20.27.44:070][825]LogTexture: Display: Building textures: SkyOcclusion1_1 (AutoDXT, 1024X512)
[2018.01.17-20.27.44:070][825]LogTexture: Display: Building textures: HQ_Lightmap1_1 (AutoDXT, 1024X1024)
[2018.01.17-20.27.44:070][825]LogTexture: Display: Building textures: LQ_Lightmap_1_1 (DXT1, 1024X1024)
[2018.01.17-20.27.44:070][825]LogTexture: Display: Building textures: SkyOcclusion1_2 (AutoDXT, 64X32)
[2018.01.17-20.27.44:070][825]LogTexture: Display: Building textures: HQ_Lightmap1_2 (AutoDXT, 64X64)
[2018.01.17-20.27.44:070][825]LogTexture: Display: Building textures: LQ_Lightmap_1_2 (DXT1, 64X64)
[2018.01.17-20.27.44:270][825]LogTexture: Display: Building textures: ShadowMapTexture2D_3 (G8, 32X32)
[2018.01.17-20.27.44:317][825]LogTexture: Display: Building textures: ShadowMapTexture2D_2 (G8, 1024X512)
[2018.01.17-20.27.44:357][825]Lightmass on DESKTOP-I1JIKRR: 4.17 sec total, 211 ms importing, 31 ms setup, 679 ms photons, 3.21 sec processing, 0 ms extra exporting [33/33 mappings]. Threads: 22.3 sec total, 8.98 sec processing.
[2018.01.17-20.27.44:411][825]LogStaticLightingSystem: Illumination: 52.3 sec (416 ms encoding lightmaps, 234 ms encoding shadowmaps)
[2018.01.17-20.27.44:411][825]LogStaticLightingSystem: Lightmap texture memory:  2.7 MB (2.7 MB streaming, 0.0 MB non-streaming), 4 textures
[2018.01.17-20.27.44:412][825]LogStaticLightingSystem: Shadowmap texture memory: 0.7 MB (0.7 MB streaming, 0.0 MB non-streaming), 2 textures
[2018.01.17-20.27.45:224][825]DumpUnbuiltLightIteractions
[2018.01.17-20.27.45:224][825]Lights with unbuilt interactions: 0
[2018.01.17-20.27.45:224][825]
[2018.01.17-20.27.45:224][825]Primitives with unbuilt interactions: 0
[2018.01.17-20.27.45:237][826]Cmd: MAP CHECK NOTIFYRESULTS
[2018.01.17-20.27.45:237][826]MapCheck: New page: Minimal_Default - Jan 17, 2018, 8:27:45 AM
[2018.01.17-20.27.45:339][826]MapCheck: Map check complete: 0 Error(s), 0 Warning(s), took 101.832ms to complete.
[2018.01.17-20.29.14:129][ 91]LogSavePackage: Save=348.72ms
[2018.01.17-20.29.14:129][ 91]LogSavePackage: Moving '../../../../Projects/Stocks/Saved/Minimal_Default_Auto1C1BD196C4E968356CF59EC816F40E071.tmp' to '../../../../Projects/Stocks/Saved/Autosaves/Game/StarterContent/Maps/Minimal_Default_Auto1.umap'
[2018.01.17-20.29.14:130][ 91]LogSavePackage: Display: Finished SavePackage ../../../../Projects/Stocks/Saved/Autosaves/Game/StarterContent/Maps/Minimal_Default_Auto1.umap
[2018.01.17-20.29.14:136][ 91]LogFileHelpers: Editor autosave (incl. sublevels) for '/Game/StarterContent/Maps/Minimal_Default' took 0.406
[2018.01.17-20.29.14:137][ 91]LogFileHelpers: Editor autosave (incl. sublevels) for all levels took 0.406
[2018.01.17-20.29.14:141][ 91]OBJ SavePackage: Generating thumbnails for [0] asset(s) in package [/Game/StarterContent/Maps/Minimal_Default_BuiltData] ([1] browsable assets)...
[2018.01.17-20.29.14:142][ 91]OBJ SavePackage: Finished generating thumbnails for package [/Game/StarterContent/Maps/Minimal_Default_BuiltData]
[2018.01.17-20.29.14:186][ 91]LogSavePackage: Save=34.23ms
[2018.01.17-20.29.14:186][ 91]LogSavePackage: Moving '../../../../Projects/Stocks/Saved/Minimal_Default_BuiltData_Auto12F26E04C47E58E1C52FC94A6BD94CBD9.tmp' to '../../../../Projects/Stocks/Saved/Autosaves/Game/StarterContent/Maps/Minimal_Default_BuiltData_Auto1.uasset'
[2018.01.17-20.29.14:187][ 91]LogSavePackage: Display: Finished SavePackage ../../../../Projects/Stocks/Saved/Autosaves/Game/StarterContent/Maps/Minimal_Default_BuiltData_Auto1.uasset
[2018.01.17-20.29.14:187][ 91]LogFileHelpers: Auto-saving content packages took 0.046
[2018.01.17-21.10.24:324][589]LogEditorViewport: Clicking on Actor (LMB): BP_Sky_Sphere_C (BP_Sky_Sphere)
[2018.01.17-21.10.40:109][901]MapCheck: New page: Map Check
[2018.01.17-21.10.40:134][901]LightingResults: New page: Lighting Build - Jan 17, 2018, 9:10:40 AM
[2018.01.17-21.10.40:152][901]LogSwarmInterface: [OpenConnection] Registering TCP channel ...
[2018.01.17-21.10.40:160][901]LogSwarmInterface: [OpenConnection] Connecting to agent ...
[2018.01.17-21.10.40:160][901]LogSwarmInterface: [TryOpenConnection] Testing the Agent
[2018.01.17-21.10.40:161][901]LogSwarmInterface: [TryOpenConnection] Opening Connection to Agent
[2018.01.17-21.10.40:161][901]LogSwarmInterface: [TryOpenConnection] Local Process ID is 6936
[2018.01.17-21.11.22:214][901]LogStaticLightingSystem: Warning: No importance volume found, so the scene bounding box was used.  You can optimize your scene's quality and lighting build times by adding importance volumes.
[2018.01.17-21.11.22:215][901]LogStaticLightingSystem: Running Lightmass w/ ImmediateImport mode ENABLED
[2018.01.17-21.11.22:215][901]LogStaticLightingSystem: Running Lightmass w/ ImmediateProcess mode ENABLED
[2018.01.17-21.11.22:215][901]LogStaticLightingSystem: Running Lightmass w/ Sorting mode ENABLED
[2018.01.17-21.11.22:215][901]LogStaticLightingSystem: Running Lightmass w/ Mapping paddings ENABLED
[2018.01.17-21.11.22:215][901]LogStaticLightingSystem: Running Lightmass w/ Mapping debug paddings DISABLED
[2018.01.17-21.11.22:429][901]LogEditorBuildUtils: Build time 0:42
[2018.01.17-21.11.23:007][902]LogSavePackage: Save=342.59ms
[2018.01.17-21.11.23:007][902]LogSavePackage: Moving '../../../../Projects/Stocks/Saved/Minimal_Default_Auto2073C7F2C4AD4EC4E98C0F6A6B3A8E440.tmp' to '../../../../Projects/Stocks/Saved/Autosaves/Game/StarterContent/Maps/Minimal_Default_Auto2.umap'
[2018.01.17-21.11.23:008][902]LogSavePackage: Display: Finished SavePackage ../../../../Projects/Stocks/Saved/Autosaves/Game/StarterContent/Maps/Minimal_Default_Auto2.umap
[2018.01.17-21.11.23:010][902]LogFileHelpers: Editor autosave (incl. sublevels) for '/Game/StarterContent/Maps/Minimal_Default' took 0.504
[2018.01.17-21.11.23:010][902]LogFileHelpers: Editor autosave (incl. sublevels) for all levels took 0.504
[2018.01.17-21.11.26:748][ 60]Job is a success!
[2018.01.17-21.11.26:832][ 61]LogVolumetricLightmapImport: Imported Volumetric Lightmap in 0.014s
[2018.01.17-21.11.26:833][ 61]LogVolumetricLightmapImport:      Indirection Texture 16x16x16 = 0.0Mb
[2018.01.17-21.11.26:833][ 61]LogVolumetricLightmapImport:      BrickData 90x5x5 = 0.1Mb
[2018.01.17-21.11.26:833][ 61]LogVolumetricLightmapImport:      Bricks at Level
[2018.01.17-21.11.26:833][ 61]LogVolumetricLightmapImport:          0: 5.6% covering 100.0% of volume
[2018.01.17-21.11.26:833][ 61]LogVolumetricLightmapImport:          1: 11.1% covering 3.1% of volume
[2018.01.17-21.11.26:833][ 61]LogVolumetricLightmapImport:          2: 83.3% covering 0.4% of volume
[2018.01.17-21.11.27:260][ 61]LogTexture: Display: Building textures: SkyOcclusion0_1 (AutoDXT, 1024X512)
[2018.01.17-21.11.27:260][ 61]LogTexture: Display: Building textures: HQ_Lightmap0_1 (AutoDXT, 1024X1024)
[2018.01.17-21.11.27:260][ 61]LogTexture: Display: Building textures: LQ_Lightmap_0_1 (DXT1, 1024X1024)
[2018.01.17-21.11.27:260][ 61]LogTexture: Display: Building textures: SkyOcclusion0_2 (AutoDXT, 64X32)
[2018.01.17-21.11.27:260][ 61]LogTexture: Display: Building textures: HQ_Lightmap0_2 (AutoDXT, 64X64)
[2018.01.17-21.11.27:260][ 61]LogTexture: Display: Building textures: LQ_Lightmap_0_2 (DXT1, 64X64)
[2018.01.17-21.11.27:459][ 61]LogTexture: Display: Building textures: ShadowMapTexture2D_5 (G8, 32X32)
[2018.01.17-21.11.27:500][ 61]LogTexture: Display: Building textures: ShadowMapTexture2D_4 (G8, 1024X512)
[2018.01.17-21.11.27:542][ 61]Lightmass on DESKTOP-I1JIKRR: 3.66 sec total, 220 ms importing, 34 ms setup, 685 ms photons, 2.67 sec processing, 0 ms extra exporting [33/33 mappings]. Threads: 18.5 sec total, 9.81 sec processing.
[2018.01.17-21.11.27:554][ 61]LogStaticLightingSystem: Illumination: 47.3 sec (392 ms encoding lightmaps, 233 ms encoding shadowmaps)
[2018.01.17-21.11.27:554][ 61]LogStaticLightingSystem: Lightmap texture memory:  2.7 MB (2.7 MB streaming, 0.0 MB non-streaming), 4 textures
[2018.01.17-21.11.27:554][ 61]LogStaticLightingSystem: Shadowmap texture memory: 0.7 MB (0.7 MB streaming, 0.0 MB non-streaming), 2 textures
[2018.01.17-21.11.28:197][ 61]DumpUnbuiltLightIteractions
[2018.01.17-21.11.28:197][ 61]Lights with unbuilt interactions: 0
[2018.01.17-21.11.28:197][ 61]
[2018.01.17-21.11.28:197][ 61]Primitives with unbuilt interactions: 0
[2018.01.17-21.11.28:208][ 62]Cmd: MAP CHECK NOTIFYRESULTS
[2018.01.17-21.11.28:208][ 62]MapCheck: New page: Minimal_Default - Jan 17, 2018, 9:11:28 AM
[2018.01.17-21.11.28:286][ 62]MapCheck: Map check complete: 0 Error(s), 0 Warning(s), took 78.031ms to complete.
[2018.01.17-21.11.36:940][405]Cmd: OBJ SAVEPACKAGE PACKAGE="/Game/StarterContent/Maps/Minimal_Default" FILE="../../../../Projects/Stocks/Content/StarterContent/Maps/Minimal_Default.umap" SILENT=true AUTOSAVING=false KEEPDIRTY=false
[2018.01.17-21.11.37:338][405]LogSavePackage: Save=346.00ms
[2018.01.17-21.11.37:338][405]LogSavePackage: Moving '../../../../Projects/Stocks/Saved/Minimal_Default3223920542C87361189839955D3E701A.tmp' to '../../../../Projects/Stocks/Content/StarterContent/Maps/Minimal_Default.umap'
[2018.01.17-21.11.37:345][405]LogSavePackage: Display: Finished SavePackage ../../../../Projects/Stocks/Content/StarterContent/Maps/Minimal_Default.umap
[2018.01.17-21.11.37:377][405]LogFileHelpers: Saving map 'Minimal_Default' took 0.514
[2018.01.17-21.11.37:382][405]Cmd: OBJ SAVEPACKAGE PACKAGE="/Game/StarterContent/Maps/Minimal_Default_BuiltData" FILE="../../../../Projects/Stocks/Content/StarterContent/Maps/Minimal_Default_BuiltData.uasset" SILENT=true
[2018.01.17-21.11.37:508][405]LogSavePackage: Save=115.12ms
[2018.01.17-21.11.37:508][405]LogSavePackage: Moving '../../../../Projects/Stocks/Saved/Minimal_Default_BuiltData47F87460470BE5D1209D54AF740E4CAF.tmp' to '../../../../Projects/Stocks/Content/StarterContent/Maps/Minimal_Default_BuiltData.uasset'
[2018.01.17-21.11.37:515][405]LogSavePackage: Display: Finished SavePackage ../../../../Projects/Stocks/Content/StarterContent/Maps/Minimal_Default_BuiltData.uasset
[2018.01.17-21.11.37:841][406]Cmd: QUIT_EDITOR
[2018.01.17-21.11.37:869][406]LogWindowsTextInputMethodSystem: Display: IME system now deactivated.
[2018.01.17-21.11.37:885][406]LogExit: Preparing to exit.
[2018.01.17-21.11.38:068][406]LogDirectoryWatcher: A directory notification for 'F:/Projects/Stocks/Content/' was aborted.
[2018.01.17-21.11.38:101][406]LogExit: Editor shut down
[2018.01.17-21.11.38:119][406]LogExit: Transaction tracking system shut down
[2018.01.17-21.11.38:210][406]LogDirectoryWatcher: A directory notification for '../../../Engine/Content/' was aborted.
[2018.01.17-21.11.38:210][406]LogDirectoryWatcher: A directory notification for '../../../../Projects/Stocks/Content/' was aborted.
[2018.01.17-21.11.38:210][406]LogDirectoryWatcher: A directory notification for '../../../Engine/Plugins/2D/Paper2D/Content/' was aborted.
[2018.01.17-21.11.38:210][406]LogDirectoryWatcher: A directory notification for '../../../Engine/Plugins/Media/MediaCompositing/Content/' was aborted.
[2018.01.17-21.11.38:210][406]LogDirectoryWatcher: A directory notification for '../../../Engine/Plugins/Runtime/AppleARKit/Content/' was aborted.
[2018.01.17-21.11.38:210][406]LogDirectoryWatcher: A directory notification for '../../../Engine/Plugins/Runtime/Oculus/OculusVR/Content/' was aborted.
[2018.01.17-21.11.38:210][406]LogDirectoryWatcher: A directory notification for '../../../Engine/Plugins/Runtime/Steam/SteamVR/Content/' was aborted.
[2018.01.17-21.11.38:300][406]LogExit: Object subsystem successfully closed.
[2018.01.17-21.11.38:333][406]LogD3D11RHI: Shutdown
[2018.01.17-21.11.38:334][406]LogD3D11RHI: CleanupD3DDevice
[2018.01.17-21.11.38:342][406]LogD3D11RHI: ~FD3D11DynamicRHI
[2018.01.17-21.11.38:357][406]LogModuleManager: Shutting down and abandoning module HierarchicalLODOutliner (548)
[2018.01.17-21.11.38:357][406]LogModuleManager: Shutting down and abandoning module SceneOutliner (546)
[2018.01.17-21.11.38:357][406]LogModuleManager: Shutting down and abandoning module AddContentDialog (544)
[2018.01.17-21.11.38:357][406]LogDirectoryWatcher: A directory notification for 'F:/UE_4.18/FeaturePacks/' was aborted.
[2018.01.17-21.11.38:357][406]LogModuleManager: Shutting down and abandoning module WidgetCarousel (543)
[2018.01.17-21.11.38:357][406]LogModuleManager: Shutting down and abandoning module EditorWidgets (540)
[2018.01.17-21.11.38:357][406]LogModuleManager: Shutting down and abandoning module CollectionManager (538)
[2018.01.17-21.11.38:357][406]LogDirectoryWatcher: A directory notification for 'F:/Projects/Stocks/Content/Collections/' was aborted.
[2018.01.17-21.11.38:357][406]LogDirectoryWatcher: A directory notification for 'F:/Projects/Stocks/Content/Developers/ChristopherWhite/Collections/' was aborted.
[2018.01.17-21.11.38:357][406]LogDirectoryWatcher: A directory notification for 'F:/Projects/Stocks/Saved/Collections/' was aborted.
[2018.01.17-21.11.38:358][406]LogModuleManager: Shutting down and abandoning module StatsViewer (536)
[2018.01.17-21.11.38:358][406]LogModuleManager: Shutting down and abandoning module FoliageEdit (534)
[2018.01.17-21.11.38:358][406]LogModuleManager: Shutting down and abandoning module LandscapeEditor (532)
[2018.01.17-21.11.38:358][406]LogModuleManager: Shutting down and abandoning module MeshPaintMode (530)
[2018.01.17-21.11.38:358][406]LogModuleManager: Shutting down and abandoning module SceneDepthPickerMode (528)
[2018.01.17-21.11.38:358][406]LogModuleManager: Shutting down and abandoning module ActorPickerMode (526)
[2018.01.17-21.11.38:358][406]LogModuleManager: Shutting down and abandoning module GeometryMode (524)
[2018.01.17-21.11.38:358][406]LogModuleManager: Shutting down and abandoning module TextureAlignMode (522)
[2018.01.17-21.11.38:358][406]LogModuleManager: Shutting down and abandoning module BspMode (520)
[2018.01.17-21.11.38:358][406]LogModuleManager: Shutting down and abandoning module PIEPreviewDeviceProfileSelector (518)
[2018.01.17-21.11.38:358][406]LogModuleManager: Shutting down and abandoning module HardwareSurvey (516)
[2018.01.17-21.11.38:358][406]LogModuleManager: Shutting down and abandoning module SequenceRecorderSections (514)
[2018.01.17-21.11.38:358][406]LogModuleManager: Shutting down and abandoning module AutomationWorker (512)
[2018.01.17-21.11.38:358][406]LogModuleManager: Shutting down and abandoning module MatineeToLevelSequence (510)
[2018.01.17-21.11.38:358][406]LogModuleManager: Shutting down and abandoning module LevelSequenceEditor (508)
[2018.01.17-21.11.38:358][406]LogModuleManager: Shutting down and abandoning module PlacementMode (507)
[2018.01.17-21.11.38:358][406]LogModuleManager: Shutting down and abandoning module WmfMediaFactory (504)
[2018.01.17-21.11.38:358][406]LogModuleManager: Shutting down and abandoning module WmfMediaEditor (502)
[2018.01.17-21.11.38:358][406]LogModuleManager: Shutting down and abandoning module OpenExrWrapper (500)
[2018.01.17-21.11.38:359][406]LogModuleManager: Shutting down and abandoning module ImgMediaFactory (498)
[2018.01.17-21.11.38:359][406]LogModuleManager: Shutting down and abandoning module ImgMediaEditor (496)
[2018.01.17-21.11.38:359][406]LogModuleManager: Shutting down and abandoning module AvfMediaFactory (494)
[2018.01.17-21.11.38:359][406]LogModuleManager: Shutting down and abandoning module AvfMediaEditor (492)
[2018.01.17-21.11.38:359][406]LogModuleManager: Shutting down and abandoning module AndroidMediaFactory (490)
[2018.01.17-21.11.38:359][406]LogModuleManager: Shutting down and abandoning module AndroidMediaEditor (488)
[2018.01.17-21.11.38:359][406]LogModuleManager: Shutting down and abandoning module CharacterAI (486)
[2018.01.17-21.11.38:359][406]LogModuleManager: Shutting down and abandoning module AudioCapture (484)
[2018.01.17-21.11.38:359][406]LogModuleManager: Shutting down and abandoning module SequenceRecorder (483)
[2018.01.17-21.11.38:359][406]LogModuleManager: Shutting down and abandoning module SmartSnapping (480)
[2018.01.17-21.11.38:359][406]LogModuleManager: Shutting down and abandoning module SessionServices (478)
[2018.01.17-21.11.38:359][406]LogModuleManager: Shutting down and abandoning module ViewportSnapping (476)
[2018.01.17-21.11.38:359][406]LogModuleManager: Shutting down and abandoning module ViewportInteraction (474)
[2018.01.17-21.11.38:359][406]LogModuleManager: Shutting down and abandoning module ClothPainter (472)
[2018.01.17-21.11.38:359][406]LogModuleManager: Shutting down and abandoning module SkeletalMeshEditor (471)
[2018.01.17-21.11.38:359][406]LogModuleManager: Shutting down and abandoning module LogVisualizer (468)
[2018.01.17-21.11.38:359][406]LogModuleManager: Shutting down and abandoning module IntroTutorials (466)
[2018.01.17-21.11.38:359][406]LogModuleManager: Shutting down and abandoning module GameProjectGeneration (465)
[2018.01.17-21.11.38:359][406]LogModuleManager: Shutting down and abandoning module IOSPlatformEditor (462)
[2018.01.17-21.11.38:359][406]LogModuleManager: Shutting down and abandoning module HTML5PlatformEditor (460)
[2018.01.17-21.11.38:359][406]LogModuleManager: Shutting down and abandoning module AndroidPlatformEditor (458)
[2018.01.17-21.11.38:359][406]LogModuleManager: Shutting down and abandoning module AndroidDeviceDetection (457)
[2018.01.17-21.11.38:838][406]LogModuleManager: Shutting down and abandoning module WindowsPlatformEditor (454)
[2018.01.17-21.11.38:838][406]LogModuleManager: Shutting down and abandoning module IOSRuntimeSettings (452)
[2018.01.17-21.11.38:838][406]LogModuleManager: Shutting down and abandoning module AndroidRuntimeSettings (450)
[2018.01.17-21.11.38:838][406]LogModuleManager: Shutting down and abandoning module InputBindingEditor (448)
[2018.01.17-21.11.38:838][406]LogModuleManager: Shutting down and abandoning module MergeActors (446)
[2018.01.17-21.11.38:838][406]LogModuleManager: Shutting down and abandoning module SizeMap (444)
[2018.01.17-21.11.38:838][406]LogModuleManager: Shutting down and abandoning module TreeMap (442)
[2018.01.17-21.11.38:838][406]LogModuleManager: Shutting down and abandoning module ReferenceViewer (440)
[2018.01.17-21.11.38:838][406]LogModuleManager: Shutting down and abandoning module LocalizationDashboard (438)
[2018.01.17-21.11.38:838][406]LogModuleManager: Shutting down and abandoning module LocalizationService (437)
[2018.01.17-21.11.38:838][406]LogModuleManager: Shutting down and abandoning module HardwareTargeting (434)
[2018.01.17-21.11.38:838][406]LogModuleManager: Shutting down and abandoning module DeviceProfileEditor (432)
[2018.01.17-21.11.38:839][406]LogModuleManager: Shutting down and abandoning module UndoHistory (430)
[2018.01.17-21.11.38:839][406]LogModuleManager: Shutting down and abandoning module XmlParser (428)
[2018.01.17-21.11.38:839][406]LogModuleManager: Shutting down and abandoning module Blutility (426)
[2018.01.17-21.11.38:839][406]LogModuleManager: Shutting down and abandoning module ProjectSettingsViewer (424)
[2018.01.17-21.11.38:839][406]LogModuleManager: Shutting down and abandoning module ProjectTargetPlatformEditor (423)
[2018.01.17-21.11.38:839][406]LogModuleManager: Shutting down and abandoning module EditorSettingsViewer (420)
[2018.01.17-21.11.38:839][406]LogModuleManager: Shutting down and abandoning module SettingsEditor (418)
[2018.01.17-21.11.38:839][406]LogModuleManager: Shutting down and abandoning module ProjectLauncher (416)
[2018.01.17-21.11.38:839][406]LogModuleManager: Shutting down and abandoning module SessionFrontend (414)
[2018.01.17-21.11.38:839][406]LogModuleManager: Shutting down and abandoning module ProfilerClient (412)
[2018.01.17-21.11.38:839][406]LogModuleManager: Shutting down and abandoning module DeviceManager (410)
[2018.01.17-21.11.38:839][406]LogModuleManager: Shutting down and abandoning module TargetDeviceServices (409)
[2018.01.17-21.11.38:893][406]LogModuleManager: Shutting down and abandoning module AutomationController (406)
[2018.01.17-21.11.38:893][406]LogModuleManager: Shutting down and abandoning module AutomationWindow (404)
[2018.01.17-21.11.38:893][406]LogModuleManager: Shutting down and abandoning module Layers (402)
[2018.01.17-21.11.38:893][406]LogModuleManager: Shutting down and abandoning module ComponentVisualizers (400)
[2018.01.17-21.11.38:893][406]LogModuleManager: Shutting down and abandoning module DetailCustomizations (398)
[2018.01.17-21.11.38:893][406]LogModuleManager: Shutting down and abandoning module PackagesDialog (396)
[2018.01.17-21.11.38:894][406]LogModuleManager: Shutting down and abandoning module Persona (394)
[2018.01.17-21.11.38:894][406]LogModuleManager: Shutting down and abandoning module AdvancedPreviewScene (393)
[2018.01.17-21.11.38:894][406]LogModuleManager: Shutting down and abandoning module AnimGraph (391)
[2018.01.17-21.11.38:894][406]LogModuleManager: Shutting down and abandoning module Kismet (388)
[2018.01.17-21.11.38:894][406]LogModuleManager: Shutting down and abandoning module ClassViewer (386)
[2018.01.17-21.11.38:894][406]LogModuleManager: Shutting down and abandoning module Toolbox (384)
[2018.01.17-21.11.38:894][406]LogModuleManager: Shutting down and abandoning module ModuleUI (382)
[2018.01.17-21.11.38:894][406]LogModuleManager: Shutting down and abandoning module MovieSceneTools (380)
[2018.01.17-21.11.38:895][406]LogModuleManager: Shutting down and abandoning module OutputLog (378)
[2018.01.17-21.11.38:895][406]LogModuleManager: Shutting down and abandoning module GammaUI (376)
[2018.01.17-21.11.38:895][406]LogModuleManager: Shutting down and abandoning module Documentation (374)
[2018.01.17-21.11.38:895][406]LogModuleManager: Shutting down and abandoning module MovieSceneTracks (372)
[2018.01.17-21.11.38:895][406]LogModuleManager: Shutting down and abandoning module MovieScene (370)
[2018.01.17-21.11.38:895][406]LogModuleManager: Shutting down and abandoning module StreamingPauseRendering (368)
[2018.01.17-21.11.38:895][406]LogModuleManager: Shutting down and abandoning module LauncherPlatform (366)
[2018.01.17-21.11.38:895][406]LogModuleManager: Shutting down and abandoning module AnalyticsET (364)
[2018.01.17-21.11.38:895][406]LogModuleManager: Shutting down and abandoning module PortalServices (362)
[2018.01.17-21.11.38:895][406]LogModuleManager: Shutting down and abandoning module PortalRpc (360)
[2018.01.17-21.11.38:895][406]LogModuleManager: Shutting down and abandoning module MessagingRpc (358)
[2018.01.17-21.11.38:895][406]LogModuleManager: Shutting down and abandoning module AIModule (356)
[2018.01.17-21.11.38:895][406]LogModuleManager: Shutting down and abandoning module GameplayDebugger (355)
[2018.01.17-21.11.38:895][406]LogModuleManager: Shutting down and abandoning module AITestSuite (353)
[2018.01.17-21.11.38:895][406]LogModuleManager: Shutting down and abandoning module DesktopPlatform (350)
[2018.01.17-21.11.38:895][406]LogModuleManager: Shutting down and abandoning module ProfilerService (348)
[2018.01.17-21.11.38:927][406]LogModuleManager: Shutting down and abandoning module TaskGraph (346)
[2018.01.17-21.11.38:928][406]LogModuleManager: Shutting down and abandoning module SteamVRController (344)
[2018.01.17-21.11.38:928][406]LogModuleManager: Shutting down and abandoning module ProceduralMeshComponentEditor (342)
[2018.01.17-21.11.38:928][406]LogModuleManager: Shutting down and abandoning module ProceduralMeshComponent (340)
[2018.01.17-21.11.38:928][406]LogModuleManager: Shutting down and abandoning module OculusInput (338)
[2018.01.17-21.11.38:928][406]LogModuleManager: Shutting down and abandoning module MobilePatchingUtils (336)
[2018.01.17-21.11.38:928][406]LogModuleManager: Shutting down and abandoning module CustomMeshComponent (334)
[2018.01.17-21.11.38:928][406]LogModuleManager: Shutting down and abandoning module CableComponent (332)
[2018.01.17-21.11.38:928][406]LogModuleManager: Shutting down and abandoning module ArchVisCharacter (330)
[2018.01.17-21.11.38:928][406]LogModuleManager: Shutting down and abandoning module AndroidPermission (328)
[2018.01.17-21.11.38:928][406]LogModuleManager: Shutting down and abandoning module ActorSequence (324)
[2018.01.17-21.11.38:928][406]LogModuleManager: Shutting down and abandoning module MediaPlayerEditor (322)
[2018.01.17-21.11.38:928][406]LogModuleManager: Shutting down and abandoning module MediaCompositingEditor (320)
[2018.01.17-21.11.38:928][406]LogModuleManager: Shutting down and abandoning module MediaCompositing (318)
[2018.01.17-21.11.38:928][406]LogModuleManager: Shutting down and abandoning module HTML5Networking (316)
[2018.01.17-21.11.38:928][406]LogModuleManager: Shutting down and abandoning module AlembicImporter (314)
[2018.01.17-21.11.38:928][406]LogModuleManager: Shutting down and abandoning module AlembicLibrary (313)
[2018.01.17-21.11.38:928][406]LogModuleManager: Shutting down and abandoning module GeometryCache (312)
[2018.01.17-21.11.38:928][406]LogModuleManager: Shutting down and abandoning module GeometryCacheEd (311)
[2018.01.17-21.11.38:928][406]LogModuleManager: Shutting down and abandoning module SpeedTreeImporter (306)
[2018.01.17-21.11.38:928][406]LogModuleManager: Shutting down and abandoning module PluginBrowser (304)
[2018.01.17-21.11.38:928][406]LogModuleManager: Shutting down and abandoning module MobileLauncherProfileWizard (302)
[2018.01.17-21.11.38:928][406]LogModuleManager: Shutting down and abandoning module VisualStudioSourceCodeAccess (300)
[2018.01.17-21.11.38:929][406]LogModuleManager: Shutting down and abandoning module VisualStudioCodeSourceCodeAccess (298)
[2018.01.17-21.11.38:929][406]LogModuleManager: Shutting down and abandoning module UObjectPlugin (296)
[2018.01.17-21.11.38:929][406]LogModuleManager: Shutting down and abandoning module SubversionSourceControl (294)
[2018.01.17-21.11.38:929][406]LogModuleManager: Shutting down and abandoning module PerforceSourceControl (292)
[2018.01.17-21.11.38:929][406]LogModuleManager: Shutting down and abandoning module GitSourceControl (290)
[2018.01.17-21.11.38:929][406]LogModuleManager: Shutting down and abandoning module SourceControl (289)
[2018.01.17-21.11.38:929][406]LogModuleManager: Shutting down and abandoning module LightPropagationVolumeEditor (286)
[2018.01.17-21.11.38:929][406]LogModuleManager: Shutting down and abandoning module PaperTiledImporter (284)
[2018.01.17-21.11.38:929][406]LogModuleManager: Shutting down and abandoning module PaperSpriteSheetImporter (282)
[2018.01.17-21.11.38:929][406]LogModuleManager: Shutting down and abandoning module Paper2DEditor (280)
[2018.01.17-21.11.38:929][406]LogModuleManager: Shutting down and abandoning module MeshPaint (279)
[2018.01.17-21.11.38:929][406]LogModuleManager: Shutting down and abandoning module LevelEditor (277)
[2018.01.17-21.11.38:930][406]LogModuleManager: Shutting down and abandoning module PixelInspectorModule (276)
[2018.01.17-21.11.38:930][406]LogModuleManager: Shutting down and abandoning module MainFrame (274)
[2018.01.17-21.11.38:930][406]LogModuleManager: Shutting down and abandoning module HotReload (273)
[2018.01.17-21.11.38:931][406]LogModuleManager: Shutting down and abandoning module RuntimePhysXCooking (268)
[2018.01.17-21.11.38:931][406]LogModuleManager: Shutting down and abandoning module PhysXVehiclesEditor (266)
[2018.01.17-21.11.38:931][406]LogModuleManager: Shutting down and abandoning module PhysXVehicles (264)
[2018.01.17-21.11.38:931][406]LogModuleManager: Shutting down and abandoning module OculusEditor (262)
[2018.01.17-21.11.38:931][406]LogModuleManager: Shutting down and abandoning module LocationServicesBPLibrary (260)
[2018.01.17-21.11.38:931][406]LogModuleManager: Shutting down and abandoning module ImmediatePhysicsEditor (258)
[2018.01.17-21.11.38:931][406]LogModuleManager: Shutting down and abandoning module ImmediatePhysics (256)
[2018.01.17-21.11.38:931][406]LogModuleManager: Shutting down and abandoning module UdpMessaging (254)
[2018.01.17-21.11.39:031][406]LogModuleManager: Shutting down and abandoning module TcpMessaging (252)
[2018.01.17-21.11.39:132][406]LogModuleManager: Shutting down and abandoning module GameplayTagsEditor (250)
[2018.01.17-21.11.39:132][406]LogModuleManager: Shutting down and abandoning module FacialAnimationEditor (248)
[2018.01.17-21.11.39:132][406]LogModuleManager: Shutting down and abandoning module FacialAnimation (246)
[2018.01.17-21.11.39:132][406]LogModuleManager: Shutting down and abandoning module AssetManagerEditor (244)
[2018.01.17-21.11.39:132][406]LogModuleManager: Shutting down and abandoning module GraphEditor (243)
[2018.01.17-21.11.39:133][406]LogModuleManager: Shutting down and abandoning module ContentBrowser (241)
[2018.01.17-21.11.39:134][406]LogModuleManager: Shutting down and abandoning module LightPropagationVolumeRuntime (238)
[2018.01.17-21.11.39:134][406]LogModuleManager: Shutting down and abandoning module Paper2D (236)
[2018.01.17-21.11.39:134][406]LogModuleManager: Shutting down and abandoning module WindowsMoviePlayer (234)
[2018.01.17-21.11.39:134][406]LogModuleManager: Shutting down and abandoning module WmfMedia (232)
[2018.01.17-21.11.39:137][406]LogModuleManager: Shutting down and abandoning module ImgMedia (230)
[2018.01.17-21.11.39:137][406]LogModuleManager: Shutting down and abandoning module PacketHandler (228)
[2018.01.17-21.11.39:137][406]LogModuleManager: Shutting down and abandoning module ClothingSystemEditor (226)
[2018.01.17-21.11.39:137][406]LogModuleManager: Shutting down and abandoning module ClothingSystemRuntime (224)
[2018.01.17-21.11.39:137][406]LogModuleManager: Shutting down and abandoning module MediaAssets (222)
[2018.01.17-21.11.39:137][406]LogModuleManager: Shutting down and abandoning module Media (221)
[2018.01.17-21.11.39:144][406]LogModuleManager: Shutting down and abandoning module Overlay (218)
[2018.01.17-21.11.39:144][406]LogModuleManager: Shutting down and abandoning module OverlayEditor (217)
[2018.01.17-21.11.39:144][406]LogModuleManager: Shutting down and abandoning module VREditor (214)
[2018.01.17-21.11.39:144][406]LogModuleManager: Shutting down and abandoning module StringTableEditor (212)
[2018.01.17-21.11.39:144][406]LogModuleManager: Shutting down and abandoning module GameplayTasksEditor (210)
[2018.01.17-21.11.39:144][406]LogModuleManager: Shutting down and abandoning module BehaviorTreeEditor (208)
[2018.01.17-21.11.39:144][406]LogModuleManager: Shutting down and abandoning module FunctionalTesting (206)
[2018.01.17-21.11.39:144][406]LogModuleManager: Shutting down and abandoning module CollisionAnalyzer (204)
[2018.01.17-21.11.39:144][406]LogModuleManager: Shutting down and abandoning module WorkspaceMenuStructure (203)
[2018.01.17-21.11.39:144][406]LogModuleManager: Shutting down and abandoning module UMG (200)
[2018.01.17-21.11.39:144][406]LogModuleManager: Shutting down and abandoning module UMGEditor (199)
[2018.01.17-21.11.39:144][406]LogModuleManager: Shutting down and abandoning module Sequencer (198)
[2018.01.17-21.11.39:144][406]LogModuleManager: Shutting down and abandoning module MessageLog (195)
[2018.01.17-21.11.39:145][406]LogModuleManager: Shutting down and abandoning module SlateReflector (190)
[2018.01.17-21.11.39:145][406]LogModuleManager: Shutting down and abandoning module Slate (188)
[2018.01.17-21.11.39:145][406]LogModuleManager: Shutting down and abandoning module EditorStyle (186)
[2018.01.17-21.11.39:148][406]LogModuleManager: Shutting down and abandoning module MRMesh (184)
[2018.01.17-21.11.39:148][406]LogModuleManager: Shutting down and abandoning module SourceCodeAccess (182)
[2018.01.17-21.11.39:148][406]LogModuleManager: Shutting down and abandoning module HeadMountedDisplay (180)
[2018.01.17-21.11.39:148][406]LogModuleManager: Shutting down and abandoning module XAudio2 (178)
[2018.01.17-21.11.39:148][406]LogModuleManager: Shutting down and abandoning module Networking (176)
[2018.01.17-21.11.39:148][406]LogModuleManager: Shutting down and abandoning module Core (172)
[2018.01.17-21.11.39:148][406]LogModuleManager: Shutting down and abandoning module LevelSequence (168)
[2018.01.17-21.11.39:148][406]LogModuleManager: Shutting down and abandoning module DirectoryWatcher (166)
[2018.01.17-21.11.39:150][406]LogModuleManager: Shutting down and abandoning module KismetCompiler (164)
[2018.01.17-21.11.39:150][406]LogModuleManager: Shutting down and abandoning module MeshUtilities (162)
[2018.01.17-21.11.39:150][406]LogModuleManager: Shutting down and abandoning module MeshMergeUtilities (161)
[2018.01.17-21.11.39:150][406]LogModuleManager: Shutting down and abandoning module MeshReductionInterface (160)
[2018.01.17-21.11.39:150][406]LogModuleManager: Shutting down and abandoning module SimplygonSwarm (159)
[2018.01.17-21.11.39:150][406]LogModuleManager: Shutting down and abandoning module SimplygonMeshReduction (157)
[2018.01.17-21.11.39:150][406]LogModuleManager: Shutting down and abandoning module QuadricMeshReduction (155)
[2018.01.17-21.11.39:151][406]LogModuleManager: Shutting down and abandoning module MaterialBaking (151)
[2018.01.17-21.11.39:151][406]LogModuleManager: Shutting down and abandoning module DerivedDataCache (148)
[2018.01.17-21.11.39:175][406]LogDerivedDataCache: Shutdown
[2018.01.17-21.11.39:175][406]LogModuleManager: Shutting down and abandoning module TargetPlatform (146)
[2018.01.17-21.11.39:175][406]LogModuleManager: Shutting down and abandoning module VulkanShaderFormat (145)
[2018.01.17-21.11.39:175][406]LogModuleManager: Shutting down and abandoning module ShaderFormatVectorVM (143)
[2018.01.17-21.11.39:175][406]LogModuleManager: Shutting down and abandoning module ShaderFormatOpenGL (141)
[2018.01.17-21.11.39:175][406]LogModuleManager: Shutting down and abandoning module ShaderFormatD3D (139)
[2018.01.17-21.11.39:175][406]LogModuleManager: Shutting down and abandoning module MetalShaderFormat (137)
[2018.01.17-21.11.39:175][406]LogModuleManager: Shutting down and abandoning module TextureFormatUncompressed (135)
[2018.01.17-21.11.39:175][406]LogModuleManager: Shutting down and abandoning module TextureFormatPVR (133)
[2018.01.17-21.11.39:175][406]LogModuleManager: Shutting down and abandoning module TextureFormatDXT (131)
[2018.01.17-21.11.39:175][406]LogModuleManager: Shutting down and abandoning module TextureFormatIntelISPCTexComp (129)
[2018.01.17-21.11.39:176][406]LogModuleManager: Shutting down and abandoning module TextureFormatASTC (127)
[2018.01.17-21.11.39:176][406]LogModuleManager: Shutting down and abandoning module ImageWrapper (126)
[2018.01.17-21.11.39:176][406]LogModuleManager: Shutting down and abandoning module TextureFormatAndroid (123)
[2018.01.17-21.11.39:176][406]LogModuleManager: Shutting down and abandoning module AudioFormatOpus (121)
[2018.01.17-21.11.39:176][406]LogModuleManager: Shutting down and abandoning module AudioFormatOgg (119)
[2018.01.17-21.11.39:176][406]LogModuleManager: Shutting down and abandoning module AudioFormatADPCM (117)
[2018.01.17-21.11.39:176][406]LogModuleManager: Shutting down and abandoning module LinuxTargetPlatform (115)
[2018.01.17-21.11.39:176][406]LogModuleManager: Shutting down and abandoning module LinuxServerTargetPlatform (113)
[2018.01.17-21.11.39:176][406]LogModuleManager: Shutting down and abandoning module LinuxNoEditorTargetPlatform (111)
[2018.01.17-21.11.39:176][406]LogModuleManager: Shutting down and abandoning module LinuxClientTargetPlatform (109)
[2018.01.17-21.11.39:176][406]LogModuleManager: Shutting down and abandoning module TVOSTargetPlatform (107)
[2018.01.17-21.11.39:176][406]LogModuleManager: Shutting down and abandoning module Messaging (105)
[2018.01.17-21.11.39:176][406]LogModuleManager: Shutting down and abandoning module IOSTargetPlatform (103)
[2018.01.17-21.11.39:176][406]LogModuleManager: Shutting down and abandoning module HTML5TargetPlatform (101)
[2018.01.17-21.11.39:176][406]LogModuleManager: Shutting down and abandoning module AndroidTargetPlatform (99)
[2018.01.17-21.11.39:177][406]LogModuleManager: Shutting down and abandoning module Android_PVRTCTargetPlatform (97)
[2018.01.17-21.11.39:177][406]LogModuleManager: Shutting down and abandoning module Android_MultiTargetPlatform (95)
[2018.01.17-21.11.39:177][406]LogModuleManager: Shutting down and abandoning module Android_ETC2TargetPlatform (93)
[2018.01.17-21.11.39:177][406]LogModuleManager: Shutting down and abandoning module Android_ETC1TargetPlatform (91)
[2018.01.17-21.11.39:177][406]LogModuleManager: Shutting down and abandoning module Android_DXTTargetPlatform (89)
[2018.01.17-21.11.39:177][406]LogModuleManager: Shutting down and abandoning module Android_ATCTargetPlatform (87)
[2018.01.17-21.11.39:177][406]LogModuleManager: Shutting down and abandoning module Android_ASTCTargetPlatform (85)
[2018.01.17-21.11.39:177][406]LogModuleManager: Shutting down and abandoning module WindowsTargetPlatform (83)
[2018.01.17-21.11.39:177][406]LogModuleManager: Shutting down and abandoning module WindowsServerTargetPlatform (81)
[2018.01.17-21.11.39:177][406]LogModuleManager: Shutting down and abandoning module WindowsNoEditorTargetPlatform (79)
[2018.01.17-21.11.39:177][406]LogModuleManager: Shutting down and abandoning module WindowsClientTargetPlatform (77)
[2018.01.17-21.11.39:177][406]LogModuleManager: Shutting down and abandoning module MacTargetPlatform (75)
[2018.01.17-21.11.39:177][406]LogModuleManager: Shutting down and abandoning module MacServerTargetPlatform (73)
[2018.01.17-21.11.39:177][406]LogModuleManager: Shutting down and abandoning module MacNoEditorTargetPlatform (71)
[2018.01.17-21.11.39:177][406]LogModuleManager: Shutting down and abandoning module MacClientTargetPlatform (69)
[2018.01.17-21.11.39:177][406]LogModuleManager: Shutting down and abandoning module AllDesktopTargetPlatform (67)
[2018.01.17-21.11.39:177][406]LogModuleManager: Shutting down and abandoning module InputCore (64)
[2018.01.17-21.11.39:177][406]LogModuleManager: Shutting down and abandoning module Settings (62)
[2018.01.17-21.11.39:177][406]LogModuleManager: Shutting down and abandoning module PhysXCooking (60)
[2018.01.17-21.11.39:177][406]LogModuleManager: Shutting down and abandoning module SteamVR (58)
[2018.01.17-21.11.39:177][406]LogModuleManager: Shutting down and abandoning module OculusHMD (56)
[2018.01.17-21.11.39:177][406]LogModuleManager: Shutting down and abandoning module ExampleDeviceProfileSelector (54)
[2018.01.17-21.11.39:177][406]LogModuleManager: Shutting down and abandoning module AppleARKit (52)
[2018.01.17-21.11.39:177][406]LogModuleManager: Shutting down and abandoning module AugmentedReality (51)
[2018.01.17-21.11.39:177][406]LogModuleManager: Shutting down and abandoning module OnlineBlueprintSupport (48)
[2018.01.17-21.11.39:177][406]LogModuleManager: Shutting down and abandoning module OnlineSubsystem (44)
[2018.01.17-21.11.39:177][406]LogModuleManager: Shutting down and abandoning module XMPP (43)
[2018.01.17-21.11.39:177][406]LogModuleManager: Shutting down and abandoning module HTTP (41)
[2018.01.17-21.11.39:178][406]LogHttp: Display: Http module shutting down, but needs to wait on 1 outstanding Http requests:
[2018.01.17-21.11.39:178][406]LogHttp: Display: 	verb=[POST] url=[https://datarouter.ol.epicgames.com/datarouter/api/v1/public/data?SessionID=%7B5F2CB965-4904-33C2-398D-72A00824C382%7D&AppID=UEEditor.Rocket.Release&AppVersion=4.18.3-3832480%2B%2B%2BUE4%2BRelease-4.18&UserID=88521eb540553c20177af7a462281cc7%7C1b534f461b7a4bbea1636e2f6e561c30%7Cc4fbd926-0416-43d6-ab49-c40ca653e1d0&AppEnvironment=datacollector-binary&UploadType=eteventstream] status=Processing
[2018.01.17-21.11.39:199][406]LogModuleManager: Shutting down and abandoning module SSL (40)
[2018.01.17-21.11.39:201][406]LogModuleManager: Shutting down and abandoning module AnimationModifiers (36)
[2018.01.17-21.11.39:201][406]LogModuleManager: Shutting down and abandoning module PropertyEditor (35)
[2018.01.17-21.11.39:201][406]LogModuleManager: Shutting down and abandoning module AudioEditor (32)
[2018.01.17-21.11.39:201][406]LogModuleManager: Shutting down and abandoning module TextureCompressor (30)
[2018.01.17-21.11.39:201][406]LogModuleManager: Shutting down and abandoning module ShaderCore (28)
[2018.01.17-21.11.39:201][406]LogModuleManager: Shutting down and abandoning module Landscape (26)
[2018.01.17-21.11.39:201][406]LogModuleManager: Shutting down and abandoning module SlateRHIRenderer (24)
[2018.01.17-21.11.39:203][406]LogModuleManager: Shutting down and abandoning module OpenGLDrv (22)
[2018.01.17-21.11.39:203][406]LogModuleManager: Shutting down and abandoning module D3D11RHI (20)
[2018.01.17-21.11.39:203][406]LogModuleManager: Shutting down and abandoning module AnimGraphRuntime (18)
[2018.01.17-21.11.39:203][406]LogModuleManager: Shutting down and abandoning module Renderer (16)
[2018.01.17-21.11.39:203][406]LogModuleManager: Shutting down and abandoning module Engine (14)
[2018.01.17-21.11.39:203][406]LogModuleManager: Shutting down and abandoning module CoreUObject (12)
[2018.01.17-21.11.39:203][406]LogModuleManager: Shutting down and abandoning module NetworkFile (10)
[2018.01.17-21.11.39:203][406]LogModuleManager: Shutting down and abandoning module CookedIterativeFile (8)
[2018.01.17-21.11.39:203][406]LogModuleManager: Shutting down and abandoning module StreamingFile (6)
[2018.01.17-21.11.39:203][406]LogModuleManager: Shutting down and abandoning module SandboxFile (4)
[2018.01.17-21.11.39:203][406]LogModuleManager: Shutting down and abandoning module PakFile (2)
[2018.01.17-21.11.39:209][406]LogExit: Exiting.
[2018.01.17-21.11.39:227][406]Log file closed, 01/17/18 15:11:39
